Started at Thu Apr 07 22:11:12 GMT 2022
Processing clone-git
Offering clone-git to Project Build Discarder
Processing clone_code
Offering clone_code to Project Build Discarder
Processing cyp-test-iperf-4hours-tcp
Offering cyp-test-iperf-4hours-tcp to Project Build Discarder
Processing cyp-test-iperf-4hours-udp
Offering cyp-test-iperf-4hours-udp to Project Build Discarder
Processing cyp-test-iperf-Guest-stress-2hours
Offering cyp-test-iperf-Guest-stress-2hours to Project Build Discarder
Processing cyp-test-iperf-Guest-SUT-stress-2hours
Offering cyp-test-iperf-Guest-SUT-stress-2hours to Project Build Discarder
Processing cyp-test-nic-driveinstalluninstall
Offering cyp-test-nic-driveinstalluninstall to Project Build Discarder
Processing cyp-test-nic-simple
Offering cyp-test-nic-simple to Project Build Discarder
Processing cyp-test-nic-sriov-5times
Offering cyp-test-nic-sriov-5times to Project Build Discarder
Processing cyp-test-nic-sriov-stress-2hours
Offering cyp-test-nic-sriov-stress-2hours to Project Build Discarder
Processing exec-job1
Offering exec-job1 to Project Build Discarder
Processing icx-d-test-iperf-Guests-stress-2hours
Offering icx-d-test-iperf-Guests-stress-2hours to Project Build Discarder
Processing icx-d-test-iperf-SUT-Guest-stress-2hours
Offering icx-d-test-iperf-SUT-Guest-stress-2hours to Project Build Discarder
Processing icx-d-test-iperf-tcp-stress-4hours
Offering icx-d-test-iperf-tcp-stress-4hours to Project Build Discarder
Processing icx-d-test-iperf-udp-stress-4hours
Offering icx-d-test-iperf-udp-stress-4hours to Project Build Discarder
Processing icx-d-test-nic-driveinstalluninstall
Offering icx-d-test-nic-driveinstalluninstall to Project Build Discarder
Processing icx-d-test-nic-simple
Offering icx-d-test-nic-simple to Project Build Discarder
Processing icx-d-test-nic-sriov-5times
Offering icx-d-test-nic-sriov-5times to Project Build Discarder
Processing icx-d-test-nic-sriov-stress-2hours
Offering icx-d-test-nic-sriov-stress-2hours to Project Build Discarder
Processing iperf-4hours-tcp
Offering iperf-4hours-tcp to Project Build Discarder
Processing iperf-4hours-udp
Offering iperf-4hours-udp to Project Build Discarder
Processing jenkins-backup
Offering jenkins-backup to Project Build Discarder
Processing Jenkins-verification
Offering Jenkins-verification to Project Build Discarder
Processing nic_set_mtu
Offering nic_set_mtu to Project Build Discarder
Processing spr-test-nicGold
Offering spr-test-nicGold to Project Build Discarder
Processing spr-test-nicIperfTcpGuestsStress
Offering spr-test-nicIperfTcpGuestsStress to Project Build Discarder
Processing spr-test-nicIperfTcpStress
Offering spr-test-nicIperfTcpStress to Project Build Discarder
Processing spr-test-nicIperfTcpSUTGuestStress
Offering spr-test-nicIperfTcpSUTGuestStress to Project Build Discarder
Processing spr-test-nicIperfUdpStress
Offering spr-test-nicIperfUdpStress to Project Build Discarder
Processing spr-test-nicSilver
Offering spr-test-nicSilver to Project Build Discarder
Processing spr-test-nicSriovStress
Offering spr-test-nicSriovStress to Project Build Discarder
Processing test-iperf-SRIOV-ipv4-stress-2hours
Offering test-iperf-SRIOV-ipv4-stress-2hours to Project Build Discarder
Processing test-iperf-SRIOV-ipv6-stress-2hours
Offering test-iperf-SRIOV-ipv6-stress-2hours to Project Build Discarder
Processing test-nic-simple-Test
Offering test-nic-simple-Test to Project Build Discarder
Processing test-nic-sriov-stress-2hours
Offering test-nic-sriov-stress-2hours to Project Build Discarder
Processing test-test-iperf-4hours-tcp
Offering test-test-iperf-4hours-tcp to Project Build Discarder
Processing test-test-iperf-4hours-udp
Offering test-test-iperf-4hours-udp to Project Build Discarder
Processing test-test-iperf-SRIOV-ipv4-stress-2hours
Offering test-test-iperf-SRIOV-ipv4-stress-2hours to Project Build Discarder
Processing test-test-iperf-SRIOV-ipv6-stress-2hours
Offering test-test-iperf-SRIOV-ipv6-stress-2hours to Project Build Discarder
Processing test-test-nic-driveinstalluninstall
Offering test-test-nic-driveinstalluninstall to Project Build Discarder
Processing test-test-nic-simple
Offering test-test-nic-simple to Project Build Discarder
Processing test-test-nic-sriov-5times
Offering test-test-nic-sriov-5times to Project Build Discarder
Processing test-test-nic-sriov-stress-2hours
Offering test-test-nic-sriov-stress-2hours to Project Build Discarder
Processing test_dpdk_ovs
Offering test_dpdk_ovs to Project Build Discarder
Processing test_SRIOV_stress
Offering test_SRIOV_stress to Project Build Discarder
Finished at Thu Apr 07 22:11:12 GMT 2022. 2ms
Started at Thu Apr 07 23:11:12 GMT 2022
Processing clone-git
Offering clone-git to Project Build Discarder
Processing clone_code
Offering clone_code to Project Build Discarder
Processing cyp-test-iperf-4hours-tcp
Offering cyp-test-iperf-4hours-tcp to Project Build Discarder
Processing cyp-test-iperf-4hours-udp
Offering cyp-test-iperf-4hours-udp to Project Build Discarder
Processing cyp-test-iperf-Guest-stress-2hours
Offering cyp-test-iperf-Guest-stress-2hours to Project Build Discarder
Processing cyp-test-iperf-Guest-SUT-stress-2hours
Offering cyp-test-iperf-Guest-SUT-stress-2hours to Project Build Discarder
Processing cyp-test-nic-driveinstalluninstall
Offering cyp-test-nic-driveinstalluninstall to Project Build Discarder
Processing cyp-test-nic-simple
Offering cyp-test-nic-simple to Project Build Discarder
Processing cyp-test-nic-sriov-5times
Offering cyp-test-nic-sriov-5times to Project Build Discarder
Processing cyp-test-nic-sriov-stress-2hours
Offering cyp-test-nic-sriov-stress-2hours to Project Build Discarder
Processing exec-job1
Offering exec-job1 to Project Build Discarder
Processing icx-d-test-iperf-Guests-stress-2hours
Offering icx-d-test-iperf-Guests-stress-2hours to Project Build Discarder
Processing icx-d-test-iperf-SUT-Guest-stress-2hours
Offering icx-d-test-iperf-SUT-Guest-stress-2hours to Project Build Discarder
Processing icx-d-test-iperf-tcp-stress-4hours
Offering icx-d-test-iperf-tcp-stress-4hours to Project Build Discarder
Processing icx-d-test-iperf-udp-stress-4hours
Offering icx-d-test-iperf-udp-stress-4hours to Project Build Discarder
Processing icx-d-test-nic-driveinstalluninstall
Offering icx-d-test-nic-driveinstalluninstall to Project Build Discarder
Processing icx-d-test-nic-simple
Offering icx-d-test-nic-simple to Project Build Discarder
Processing icx-d-test-nic-sriov-5times
Offering icx-d-test-nic-sriov-5times to Project Build Discarder
Processing icx-d-test-nic-sriov-stress-2hours
Offering icx-d-test-nic-sriov-stress-2hours to Project Build Discarder
Processing iperf-4hours-tcp
Offering iperf-4hours-tcp to Project Build Discarder
Processing iperf-4hours-udp
Offering iperf-4hours-udp to Project Build Discarder
Processing jenkins-backup
Offering jenkins-backup to Project Build Discarder
Processing Jenkins-verification
Offering Jenkins-verification to Project Build Discarder
Processing nic_set_mtu
Offering nic_set_mtu to Project Build Discarder
Processing spr-test-nicGold
Offering spr-test-nicGold to Project Build Discarder
Processing spr-test-nicIperfTcpGuestsStress
Offering spr-test-nicIperfTcpGuestsStress to Project Build Discarder
Processing spr-test-nicIperfTcpStress
Offering spr-test-nicIperfTcpStress to Project Build Discarder
Processing spr-test-nicIperfTcpSUTGuestStress
Offering spr-test-nicIperfTcpSUTGuestStress to Project Build Discarder
Processing spr-test-nicIperfUdpStress
Offering spr-test-nicIperfUdpStress to Project Build Discarder
Processing spr-test-nicSilver
Offering spr-test-nicSilver to Project Build Discarder
Processing spr-test-nicSriovStress
Offering spr-test-nicSriovStress to Project Build Discarder
Processing test-iperf-SRIOV-ipv4-stress-2hours
Offering test-iperf-SRIOV-ipv4-stress-2hours to Project Build Discarder
Processing test-iperf-SRIOV-ipv6-stress-2hours
Offering test-iperf-SRIOV-ipv6-stress-2hours to Project Build Discarder
Processing test-nic-simple-Test
Offering test-nic-simple-Test to Project Build Discarder
Processing test-nic-sriov-stress-2hours
Offering test-nic-sriov-stress-2hours to Project Build Discarder
Processing test-test-iperf-4hours-tcp
Offering test-test-iperf-4hours-tcp to Project Build Discarder
Processing test-test-iperf-4hours-udp
Offering test-test-iperf-4hours-udp to Project Build Discarder
Processing test-test-iperf-SRIOV-ipv4-stress-2hours
Offering test-test-iperf-SRIOV-ipv4-stress-2hours to Project Build Discarder
Processing test-test-iperf-SRIOV-ipv6-stress-2hours
Offering test-test-iperf-SRIOV-ipv6-stress-2hours to Project Build Discarder
Processing test-test-nic-driveinstalluninstall
Offering test-test-nic-driveinstalluninstall to Project Build Discarder
Processing test-test-nic-simple
Offering test-test-nic-simple to Project Build Discarder
Processing test-test-nic-sriov-5times
Offering test-test-nic-sriov-5times to Project Build Discarder
Processing test-test-nic-sriov-stress-2hours
Offering test-test-nic-sriov-stress-2hours to Project Build Discarder
Processing test_dpdk_ovs
Offering test_dpdk_ovs to Project Build Discarder
Processing test_SRIOV_stress
Offering test_SRIOV_stress to Project Build Discarder
Finished at Thu Apr 07 23:11:12 GMT 2022. 2ms
Started at Fri Apr 08 00:11:12 GMT 2022
Processing clone-git
Offering clone-git to Project Build Discarder
Processing clone_code
Offering clone_code to Project Build Discarder
Processing cyp-test-iperf-4hours-tcp
Offering cyp-test-iperf-4hours-tcp to Project Build Discarder
Processing cyp-test-iperf-4hours-udp
Offering cyp-test-iperf-4hours-udp to Project Build Discarder
Processing cyp-test-iperf-Guest-stress-2hours
Offering cyp-test-iperf-Guest-stress-2hours to Project Build Discarder
Processing cyp-test-iperf-Guest-SUT-stress-2hours
Offering cyp-test-iperf-Guest-SUT-stress-2hours to Project Build Discarder
Processing cyp-test-nic-driveinstalluninstall
Offering cyp-test-nic-driveinstalluninstall to Project Build Discarder
Processing cyp-test-nic-simple
Offering cyp-test-nic-simple to Project Build Discarder
Processing cyp-test-nic-sriov-5times
Offering cyp-test-nic-sriov-5times to Project Build Discarder
Processing cyp-test-nic-sriov-stress-2hours
Offering cyp-test-nic-sriov-stress-2hours to Project Build Discarder
Processing exec-job1
Offering exec-job1 to Project Build Discarder
Processing icx-d-test-iperf-Guests-stress-2hours
Offering icx-d-test-iperf-Guests-stress-2hours to Project Build Discarder
Processing icx-d-test-iperf-SUT-Guest-stress-2hours
Offering icx-d-test-iperf-SUT-Guest-stress-2hours to Project Build Discarder
Processing icx-d-test-iperf-tcp-stress-4hours
Offering icx-d-test-iperf-tcp-stress-4hours to Project Build Discarder
Processing icx-d-test-iperf-udp-stress-4hours
Offering icx-d-test-iperf-udp-stress-4hours to Project Build Discarder
Processing icx-d-test-nic-driveinstalluninstall
Offering icx-d-test-nic-driveinstalluninstall to Project Build Discarder
Processing icx-d-test-nic-simple
Offering icx-d-test-nic-simple to Project Build Discarder
Processing icx-d-test-nic-sriov-5times
Offering icx-d-test-nic-sriov-5times to Project Build Discarder
Processing icx-d-test-nic-sriov-stress-2hours
Offering icx-d-test-nic-sriov-stress-2hours to Project Build Discarder
Processing iperf-4hours-tcp
Offering iperf-4hours-tcp to Project Build Discarder
Processing iperf-4hours-udp
Offering iperf-4hours-udp to Project Build Discarder
Processing jenkins-backup
Offering jenkins-backup to Project Build Discarder
Processing Jenkins-verification
Offering Jenkins-verification to Project Build Discarder
Processing nic_set_mtu
Offering nic_set_mtu to Project Build Discarder
Processing spr-test-nicGold
Offering spr-test-nicGold to Project Build Discarder
Processing spr-test-nicIperfTcpGuestsStress
Offering spr-test-nicIperfTcpGuestsStress to Project Build Discarder
Processing spr-test-nicIperfTcpStress
Offering spr-test-nicIperfTcpStress to Project Build Discarder
Processing spr-test-nicIperfTcpSUTGuestStress
Offering spr-test-nicIperfTcpSUTGuestStress to Project Build Discarder
Processing spr-test-nicIperfUdpStress
Offering spr-test-nicIperfUdpStress to Project Build Discarder
Processing spr-test-nicSilver
Offering spr-test-nicSilver to Project Build Discarder
Processing spr-test-nicSriovStress
Offering spr-test-nicSriovStress to Project Build Discarder
Processing test-iperf-SRIOV-ipv4-stress-2hours
Offering test-iperf-SRIOV-ipv4-stress-2hours to Project Build Discarder
Processing test-iperf-SRIOV-ipv6-stress-2hours
Offering test-iperf-SRIOV-ipv6-stress-2hours to Project Build Discarder
Processing test-nic-simple-Test
Offering test-nic-simple-Test to Project Build Discarder
Processing test-nic-sriov-stress-2hours
Offering test-nic-sriov-stress-2hours to Project Build Discarder
Processing test-test-iperf-4hours-tcp
Offering test-test-iperf-4hours-tcp to Project Build Discarder
Processing test-test-iperf-4hours-udp
Offering test-test-iperf-4hours-udp to Project Build Discarder
Processing test-test-iperf-SRIOV-ipv4-stress-2hours
Offering test-test-iperf-SRIOV-ipv4-stress-2hours to Project Build Discarder
Processing test-test-iperf-SRIOV-ipv6-stress-2hours
Offering test-test-iperf-SRIOV-ipv6-stress-2hours to Project Build Discarder
Processing test-test-nic-driveinstalluninstall
Offering test-test-nic-driveinstalluninstall to Project Build Discarder
Processing test-test-nic-simple
Offering test-test-nic-simple to Project Build Discarder
Processing test-test-nic-sriov-5times
Offering test-test-nic-sriov-5times to Project Build Discarder
Processing test-test-nic-sriov-stress-2hours
Offering test-test-nic-sriov-stress-2hours to Project Build Discarder
Processing test_dpdk_ovs
Offering test_dpdk_ovs to Project Build Discarder
Processing test_SRIOV_stress
Offering test_SRIOV_stress to Project Build Discarder
Finished at Fri Apr 08 00:11:12 GMT 2022. 1ms
Started at Fri Apr 08 01:11:12 GMT 2022
Processing clone-git
Offering clone-git to Project Build Discarder
Processing clone_code
Offering clone_code to Project Build Discarder
Processing cyp-test-iperf-4hours-tcp
Offering cyp-test-iperf-4hours-tcp to Project Build Discarder
Processing cyp-test-iperf-4hours-udp
Offering cyp-test-iperf-4hours-udp to Project Build Discarder
Processing cyp-test-iperf-Guest-stress-2hours
Offering cyp-test-iperf-Guest-stress-2hours to Project Build Discarder
Processing cyp-test-iperf-Guest-SUT-stress-2hours
Offering cyp-test-iperf-Guest-SUT-stress-2hours to Project Build Discarder
Processing cyp-test-nic-driveinstalluninstall
Offering cyp-test-nic-driveinstalluninstall to Project Build Discarder
Processing cyp-test-nic-simple
Offering cyp-test-nic-simple to Project Build Discarder
Processing cyp-test-nic-sriov-5times
Offering cyp-test-nic-sriov-5times to Project Build Discarder
Processing cyp-test-nic-sriov-stress-2hours
Offering cyp-test-nic-sriov-stress-2hours to Project Build Discarder
Processing exec-job1
Offering exec-job1 to Project Build Discarder
Processing icx-d-test-iperf-Guests-stress-2hours
Offering icx-d-test-iperf-Guests-stress-2hours to Project Build Discarder
Processing icx-d-test-iperf-SUT-Guest-stress-2hours
Offering icx-d-test-iperf-SUT-Guest-stress-2hours to Project Build Discarder
Processing icx-d-test-iperf-tcp-stress-4hours
Offering icx-d-test-iperf-tcp-stress-4hours to Project Build Discarder
Processing icx-d-test-iperf-udp-stress-4hours
Offering icx-d-test-iperf-udp-stress-4hours to Project Build Discarder
Processing icx-d-test-nic-driveinstalluninstall
Offering icx-d-test-nic-driveinstalluninstall to Project Build Discarder
Processing icx-d-test-nic-simple
Offering icx-d-test-nic-simple to Project Build Discarder
Processing icx-d-test-nic-sriov-5times
Offering icx-d-test-nic-sriov-5times to Project Build Discarder
Processing icx-d-test-nic-sriov-stress-2hours
Offering icx-d-test-nic-sriov-stress-2hours to Project Build Discarder
Processing iperf-4hours-tcp
Offering iperf-4hours-tcp to Project Build Discarder
Processing iperf-4hours-udp
Offering iperf-4hours-udp to Project Build Discarder
Processing jenkins-backup
Offering jenkins-backup to Project Build Discarder
Processing Jenkins-verification
Offering Jenkins-verification to Project Build Discarder
Processing nic_set_mtu
Offering nic_set_mtu to Project Build Discarder
Processing spr-test-nicGold
Offering spr-test-nicGold to Project Build Discarder
Processing spr-test-nicIperfTcpGuestsStress
Offering spr-test-nicIperfTcpGuestsStress to Project Build Discarder
Processing spr-test-nicIperfTcpStress
Offering spr-test-nicIperfTcpStress to Project Build Discarder
Processing spr-test-nicIperfTcpSUTGuestStress
Offering spr-test-nicIperfTcpSUTGuestStress to Project Build Discarder
Processing spr-test-nicIperfUdpStress
Offering spr-test-nicIperfUdpStress to Project Build Discarder
Processing spr-test-nicSilver
Offering spr-test-nicSilver to Project Build Discarder
Processing spr-test-nicSriovStress
Offering spr-test-nicSriovStress to Project Build Discarder
Processing test-iperf-SRIOV-ipv4-stress-2hours
Offering test-iperf-SRIOV-ipv4-stress-2hours to Project Build Discarder
Processing test-iperf-SRIOV-ipv6-stress-2hours
Offering test-iperf-SRIOV-ipv6-stress-2hours to Project Build Discarder
Processing test-nic-simple-Test
Offering test-nic-simple-Test to Project Build Discarder
Processing test-nic-sriov-stress-2hours
Offering test-nic-sriov-stress-2hours to Project Build Discarder
Processing test-test-iperf-4hours-tcp
Offering test-test-iperf-4hours-tcp to Project Build Discarder
Processing test-test-iperf-4hours-udp
Offering test-test-iperf-4hours-udp to Project Build Discarder
Processing test-test-iperf-SRIOV-ipv4-stress-2hours
Offering test-test-iperf-SRIOV-ipv4-stress-2hours to Project Build Discarder
Processing test-test-iperf-SRIOV-ipv6-stress-2hours
Offering test-test-iperf-SRIOV-ipv6-stress-2hours to Project Build Discarder
Processing test-test-nic-driveinstalluninstall
Offering test-test-nic-driveinstalluninstall to Project Build Discarder
Processing test-test-nic-simple
Offering test-test-nic-simple to Project Build Discarder
Processing test-test-nic-sriov-5times
Offering test-test-nic-sriov-5times to Project Build Discarder
Processing test-test-nic-sriov-stress-2hours
Offering test-test-nic-sriov-stress-2hours to Project Build Discarder
Processing test_dpdk_ovs
Offering test_dpdk_ovs to Project Build Discarder
Processing test_SRIOV_stress
Offering test_SRIOV_stress to Project Build Discarder
Finished at Fri Apr 08 01:11:12 GMT 2022. 2ms
Started at Fri Apr 08 02:11:12 GMT 2022
Processing clone-git
Offering clone-git to Project Build Discarder
Processing clone_code
Offering clone_code to Project Build Discarder
Processing cyp-test-iperf-4hours-tcp
Offering cyp-test-iperf-4hours-tcp to Project Build Discarder
Processing cyp-test-iperf-4hours-udp
Offering cyp-test-iperf-4hours-udp to Project Build Discarder
Processing cyp-test-iperf-Guest-stress-2hours
Offering cyp-test-iperf-Guest-stress-2hours to Project Build Discarder
Processing cyp-test-iperf-Guest-SUT-stress-2hours
Offering cyp-test-iperf-Guest-SUT-stress-2hours to Project Build Discarder
Processing cyp-test-nic-driveinstalluninstall
Offering cyp-test-nic-driveinstalluninstall to Project Build Discarder
Processing cyp-test-nic-simple
Offering cyp-test-nic-simple to Project Build Discarder
Processing cyp-test-nic-sriov-5times
Offering cyp-test-nic-sriov-5times to Project Build Discarder
Processing cyp-test-nic-sriov-stress-2hours
Offering cyp-test-nic-sriov-stress-2hours to Project Build Discarder
Processing exec-job1
Offering exec-job1 to Project Build Discarder
Processing icx-d-test-iperf-Guests-stress-2hours
Offering icx-d-test-iperf-Guests-stress-2hours to Project Build Discarder
Processing icx-d-test-iperf-SUT-Guest-stress-2hours
Offering icx-d-test-iperf-SUT-Guest-stress-2hours to Project Build Discarder
Processing icx-d-test-iperf-tcp-stress-4hours
Offering icx-d-test-iperf-tcp-stress-4hours to Project Build Discarder
Processing icx-d-test-iperf-udp-stress-4hours
Offering icx-d-test-iperf-udp-stress-4hours to Project Build Discarder
Processing icx-d-test-nic-driveinstalluninstall
Offering icx-d-test-nic-driveinstalluninstall to Project Build Discarder
Processing icx-d-test-nic-simple
Offering icx-d-test-nic-simple to Project Build Discarder
Processing icx-d-test-nic-sriov-5times
Offering icx-d-test-nic-sriov-5times to Project Build Discarder
Processing icx-d-test-nic-sriov-stress-2hours
Offering icx-d-test-nic-sriov-stress-2hours to Project Build Discarder
Processing iperf-4hours-tcp
Offering iperf-4hours-tcp to Project Build Discarder
Processing iperf-4hours-udp
Offering iperf-4hours-udp to Project Build Discarder
Processing jenkins-backup
Offering jenkins-backup to Project Build Discarder
Processing Jenkins-verification
Offering Jenkins-verification to Project Build Discarder
Processing nic_set_mtu
Offering nic_set_mtu to Project Build Discarder
Processing spr-test-nicGold
Offering spr-test-nicGold to Project Build Discarder
Processing spr-test-nicIperfTcpGuestsStress
Offering spr-test-nicIperfTcpGuestsStress to Project Build Discarder
Processing spr-test-nicIperfTcpStress
Offering spr-test-nicIperfTcpStress to Project Build Discarder
Processing spr-test-nicIperfTcpSUTGuestStress
Offering spr-test-nicIperfTcpSUTGuestStress to Project Build Discarder
Processing spr-test-nicIperfUdpStress
Offering spr-test-nicIperfUdpStress to Project Build Discarder
Processing spr-test-nicSilver
Offering spr-test-nicSilver to Project Build Discarder
Processing spr-test-nicSriovStress
Offering spr-test-nicSriovStress to Project Build Discarder
Processing test-iperf-SRIOV-ipv4-stress-2hours
Offering test-iperf-SRIOV-ipv4-stress-2hours to Project Build Discarder
Processing test-iperf-SRIOV-ipv6-stress-2hours
Offering test-iperf-SRIOV-ipv6-stress-2hours to Project Build Discarder
Processing test-nic-simple-Test
Offering test-nic-simple-Test to Project Build Discarder
Processing test-nic-sriov-stress-2hours
Offering test-nic-sriov-stress-2hours to Project Build Discarder
Processing test-test-iperf-4hours-tcp
Offering test-test-iperf-4hours-tcp to Project Build Discarder
Processing test-test-iperf-4hours-udp
Offering test-test-iperf-4hours-udp to Project Build Discarder
Processing test-test-iperf-SRIOV-ipv4-stress-2hours
Offering test-test-iperf-SRIOV-ipv4-stress-2hours to Project Build Discarder
Processing test-test-iperf-SRIOV-ipv6-stress-2hours
Offering test-test-iperf-SRIOV-ipv6-stress-2hours to Project Build Discarder
Processing test-test-nic-driveinstalluninstall
Offering test-test-nic-driveinstalluninstall to Project Build Discarder
Processing test-test-nic-simple
Offering test-test-nic-simple to Project Build Discarder
Processing test-test-nic-sriov-5times
Offering test-test-nic-sriov-5times to Project Build Discarder
Processing test-test-nic-sriov-stress-2hours
Offering test-test-nic-sriov-stress-2hours to Project Build Discarder
Processing test_dpdk_ovs
Offering test_dpdk_ovs to Project Build Discarder
Processing test_SRIOV_stress
Offering test_SRIOV_stress to Project Build Discarder
Finished at Fri Apr 08 02:11:12 GMT 2022. 2ms
Started at Fri Apr 08 03:11:12 GMT 2022
Processing clone-git
Offering clone-git to Project Build Discarder
Processing clone_code
Offering clone_code to Project Build Discarder
Processing cyp-test-iperf-4hours-tcp
Offering cyp-test-iperf-4hours-tcp to Project Build Discarder
Processing cyp-test-iperf-4hours-udp
Offering cyp-test-iperf-4hours-udp to Project Build Discarder
Processing cyp-test-iperf-Guest-stress-2hours
Offering cyp-test-iperf-Guest-stress-2hours to Project Build Discarder
Processing cyp-test-iperf-Guest-SUT-stress-2hours
Offering cyp-test-iperf-Guest-SUT-stress-2hours to Project Build Discarder
Processing cyp-test-nic-driveinstalluninstall
Offering cyp-test-nic-driveinstalluninstall to Project Build Discarder
Processing cyp-test-nic-simple
Offering cyp-test-nic-simple to Project Build Discarder
Processing cyp-test-nic-sriov-5times
Offering cyp-test-nic-sriov-5times to Project Build Discarder
Processing cyp-test-nic-sriov-stress-2hours
Offering cyp-test-nic-sriov-stress-2hours to Project Build Discarder
Processing exec-job1
Offering exec-job1 to Project Build Discarder
Processing icx-d-test-iperf-Guests-stress-2hours
Offering icx-d-test-iperf-Guests-stress-2hours to Project Build Discarder
Processing icx-d-test-iperf-SUT-Guest-stress-2hours
Offering icx-d-test-iperf-SUT-Guest-stress-2hours to Project Build Discarder
Processing icx-d-test-iperf-tcp-stress-4hours
Offering icx-d-test-iperf-tcp-stress-4hours to Project Build Discarder
Processing icx-d-test-iperf-udp-stress-4hours
Offering icx-d-test-iperf-udp-stress-4hours to Project Build Discarder
Processing icx-d-test-nic-driveinstalluninstall
Offering icx-d-test-nic-driveinstalluninstall to Project Build Discarder
Processing icx-d-test-nic-simple
Offering icx-d-test-nic-simple to Project Build Discarder
Processing icx-d-test-nic-sriov-5times
Offering icx-d-test-nic-sriov-5times to Project Build Discarder
Processing icx-d-test-nic-sriov-stress-2hours
Offering icx-d-test-nic-sriov-stress-2hours to Project Build Discarder
Processing iperf-4hours-tcp
Offering iperf-4hours-tcp to Project Build Discarder
Processing iperf-4hours-udp
Offering iperf-4hours-udp to Project Build Discarder
Processing jenkins-backup
Offering jenkins-backup to Project Build Discarder
Processing Jenkins-verification
Offering Jenkins-verification to Project Build Discarder
Processing nic_set_mtu
Offering nic_set_mtu to Project Build Discarder
Processing spr-test-nicGold
Offering spr-test-nicGold to Project Build Discarder
Processing spr-test-nicIperfTcpGuestsStress
Offering spr-test-nicIperfTcpGuestsStress to Project Build Discarder
Processing spr-test-nicIperfTcpStress
Offering spr-test-nicIperfTcpStress to Project Build Discarder
Processing spr-test-nicIperfTcpSUTGuestStress
Offering spr-test-nicIperfTcpSUTGuestStress to Project Build Discarder
Processing spr-test-nicIperfUdpStress
Offering spr-test-nicIperfUdpStress to Project Build Discarder
Processing spr-test-nicSilver
Offering spr-test-nicSilver to Project Build Discarder
Processing spr-test-nicSriovStress
Offering spr-test-nicSriovStress to Project Build Discarder
Processing test-iperf-SRIOV-ipv4-stress-2hours
Offering test-iperf-SRIOV-ipv4-stress-2hours to Project Build Discarder
Processing test-iperf-SRIOV-ipv6-stress-2hours
Offering test-iperf-SRIOV-ipv6-stress-2hours to Project Build Discarder
Processing test-nic-simple-Test
Offering test-nic-simple-Test to Project Build Discarder
Processing test-nic-sriov-stress-2hours
Offering test-nic-sriov-stress-2hours to Project Build Discarder
Processing test-test-iperf-4hours-tcp
Offering test-test-iperf-4hours-tcp to Project Build Discarder
Processing test-test-iperf-4hours-udp
Offering test-test-iperf-4hours-udp to Project Build Discarder
Processing test-test-iperf-SRIOV-ipv4-stress-2hours
Offering test-test-iperf-SRIOV-ipv4-stress-2hours to Project Build Discarder
Processing test-test-iperf-SRIOV-ipv6-stress-2hours
Offering test-test-iperf-SRIOV-ipv6-stress-2hours to Project Build Discarder
Processing test-test-nic-driveinstalluninstall
Offering test-test-nic-driveinstalluninstall to Project Build Discarder
Processing test-test-nic-simple
Offering test-test-nic-simple to Project Build Discarder
Processing test-test-nic-sriov-5times
Offering test-test-nic-sriov-5times to Project Build Discarder
Processing test-test-nic-sriov-stress-2hours
Offering test-test-nic-sriov-stress-2hours to Project Build Discarder
Processing test_dpdk_ovs
Offering test_dpdk_ovs to Project Build Discarder
Processing test_SRIOV_stress
Offering test_SRIOV_stress to Project Build Discarder
Finished at Fri Apr 08 03:11:12 GMT 2022. 1ms
Started at Fri Apr 08 04:11:12 GMT 2022
Processing clone-git
Offering clone-git to Project Build Discarder
Processing clone_code
Offering clone_code to Project Build Discarder
Processing cyp-test-iperf-4hours-tcp
Offering cyp-test-iperf-4hours-tcp to Project Build Discarder
Processing cyp-test-iperf-4hours-udp
Offering cyp-test-iperf-4hours-udp to Project Build Discarder
Processing cyp-test-iperf-Guest-stress-2hours
Offering cyp-test-iperf-Guest-stress-2hours to Project Build Discarder
Processing cyp-test-iperf-Guest-SUT-stress-2hours
Offering cyp-test-iperf-Guest-SUT-stress-2hours to Project Build Discarder
Processing cyp-test-nic-driveinstalluninstall
Offering cyp-test-nic-driveinstalluninstall to Project Build Discarder
Processing cyp-test-nic-simple
Offering cyp-test-nic-simple to Project Build Discarder
Processing cyp-test-nic-sriov-5times
Offering cyp-test-nic-sriov-5times to Project Build Discarder
Processing cyp-test-nic-sriov-stress-2hours
Offering cyp-test-nic-sriov-stress-2hours to Project Build Discarder
Processing exec-job1
Offering exec-job1 to Project Build Discarder
Processing icx-d-test-iperf-Guests-stress-2hours
Offering icx-d-test-iperf-Guests-stress-2hours to Project Build Discarder
Processing icx-d-test-iperf-SUT-Guest-stress-2hours
Offering icx-d-test-iperf-SUT-Guest-stress-2hours to Project Build Discarder
Processing icx-d-test-iperf-tcp-stress-4hours
Offering icx-d-test-iperf-tcp-stress-4hours to Project Build Discarder
Processing icx-d-test-iperf-udp-stress-4hours
Offering icx-d-test-iperf-udp-stress-4hours to Project Build Discarder
Processing icx-d-test-nic-driveinstalluninstall
Offering icx-d-test-nic-driveinstalluninstall to Project Build Discarder
Processing icx-d-test-nic-simple
Offering icx-d-test-nic-simple to Project Build Discarder
Processing icx-d-test-nic-sriov-5times
Offering icx-d-test-nic-sriov-5times to Project Build Discarder
Processing icx-d-test-nic-sriov-stress-2hours
Offering icx-d-test-nic-sriov-stress-2hours to Project Build Discarder
Processing iperf-4hours-tcp
Offering iperf-4hours-tcp to Project Build Discarder
Processing iperf-4hours-udp
Offering iperf-4hours-udp to Project Build Discarder
Processing jenkins-backup
Offering jenkins-backup to Project Build Discarder
Processing Jenkins-verification
Offering Jenkins-verification to Project Build Discarder
Processing nic_set_mtu
Offering nic_set_mtu to Project Build Discarder
Processing spr-test-nicGold
Offering spr-test-nicGold to Project Build Discarder
Processing spr-test-nicIperfTcpGuestsStress
Offering spr-test-nicIperfTcpGuestsStress to Project Build Discarder
Processing spr-test-nicIperfTcpStress
Offering spr-test-nicIperfTcpStress to Project Build Discarder
Processing spr-test-nicIperfTcpSUTGuestStress
Offering spr-test-nicIperfTcpSUTGuestStress to Project Build Discarder
Processing spr-test-nicIperfUdpStress
Offering spr-test-nicIperfUdpStress to Project Build Discarder
Processing spr-test-nicSilver
Offering spr-test-nicSilver to Project Build Discarder
Processing spr-test-nicSriovStress
Offering spr-test-nicSriovStress to Project Build Discarder
Processing test-iperf-SRIOV-ipv4-stress-2hours
Offering test-iperf-SRIOV-ipv4-stress-2hours to Project Build Discarder
Processing test-iperf-SRIOV-ipv6-stress-2hours
Offering test-iperf-SRIOV-ipv6-stress-2hours to Project Build Discarder
Processing test-nic-simple-Test
Offering test-nic-simple-Test to Project Build Discarder
Processing test-nic-sriov-stress-2hours
Offering test-nic-sriov-stress-2hours to Project Build Discarder
Processing test-test-iperf-4hours-tcp
Offering test-test-iperf-4hours-tcp to Project Build Discarder
Processing test-test-iperf-4hours-udp
Offering test-test-iperf-4hours-udp to Project Build Discarder
Processing test-test-iperf-SRIOV-ipv4-stress-2hours
Offering test-test-iperf-SRIOV-ipv4-stress-2hours to Project Build Discarder
Processing test-test-iperf-SRIOV-ipv6-stress-2hours
Offering test-test-iperf-SRIOV-ipv6-stress-2hours to Project Build Discarder
Processing test-test-nic-driveinstalluninstall
Offering test-test-nic-driveinstalluninstall to Project Build Discarder
Processing test-test-nic-simple
Offering test-test-nic-simple to Project Build Discarder
Processing test-test-nic-sriov-5times
Offering test-test-nic-sriov-5times to Project Build Discarder
Processing test-test-nic-sriov-stress-2hours
Offering test-test-nic-sriov-stress-2hours to Project Build Discarder
Processing test_dpdk_ovs
Offering test_dpdk_ovs to Project Build Discarder
Processing test_SRIOV_stress
Offering test_SRIOV_stress to Project Build Discarder
Finished at Fri Apr 08 04:11:12 GMT 2022. 2ms
Started at Fri Apr 08 05:11:12 GMT 2022
Processing clone-git
Offering clone-git to Project Build Discarder
Processing clone_code
Offering clone_code to Project Build Discarder
Processing cyp-test-iperf-4hours-tcp
Offering cyp-test-iperf-4hours-tcp to Project Build Discarder
Processing cyp-test-iperf-4hours-udp
Offering cyp-test-iperf-4hours-udp to Project Build Discarder
Processing cyp-test-iperf-Guest-stress-2hours
Offering cyp-test-iperf-Guest-stress-2hours to Project Build Discarder
Processing cyp-test-iperf-Guest-SUT-stress-2hours
Offering cyp-test-iperf-Guest-SUT-stress-2hours to Project Build Discarder
Processing cyp-test-nic-driveinstalluninstall
Offering cyp-test-nic-driveinstalluninstall to Project Build Discarder
Processing cyp-test-nic-simple
Offering cyp-test-nic-simple to Project Build Discarder
Processing cyp-test-nic-sriov-5times
Offering cyp-test-nic-sriov-5times to Project Build Discarder
Processing cyp-test-nic-sriov-stress-2hours
Offering cyp-test-nic-sriov-stress-2hours to Project Build Discarder
Processing exec-job1
Offering exec-job1 to Project Build Discarder
Processing icx-d-test-iperf-Guests-stress-2hours
Offering icx-d-test-iperf-Guests-stress-2hours to Project Build Discarder
Processing icx-d-test-iperf-SUT-Guest-stress-2hours
Offering icx-d-test-iperf-SUT-Guest-stress-2hours to Project Build Discarder
Processing icx-d-test-iperf-tcp-stress-4hours
Offering icx-d-test-iperf-tcp-stress-4hours to Project Build Discarder
Processing icx-d-test-iperf-udp-stress-4hours
Offering icx-d-test-iperf-udp-stress-4hours to Project Build Discarder
Processing icx-d-test-nic-driveinstalluninstall
Offering icx-d-test-nic-driveinstalluninstall to Project Build Discarder
Processing icx-d-test-nic-simple
Offering icx-d-test-nic-simple to Project Build Discarder
Processing icx-d-test-nic-sriov-5times
Offering icx-d-test-nic-sriov-5times to Project Build Discarder
Processing icx-d-test-nic-sriov-stress-2hours
Offering icx-d-test-nic-sriov-stress-2hours to Project Build Discarder
Processing iperf-4hours-tcp
Offering iperf-4hours-tcp to Project Build Discarder
Processing iperf-4hours-udp
Offering iperf-4hours-udp to Project Build Discarder
Processing jenkins-backup
Offering jenkins-backup to Project Build Discarder
Processing Jenkins-verification
Offering Jenkins-verification to Project Build Discarder
Processing nic_set_mtu
Offering nic_set_mtu to Project Build Discarder
Processing spr-test-nicGold
Offering spr-test-nicGold to Project Build Discarder
Processing spr-test-nicIperfTcpGuestsStress
Offering spr-test-nicIperfTcpGuestsStress to Project Build Discarder
Processing spr-test-nicIperfTcpStress
Offering spr-test-nicIperfTcpStress to Project Build Discarder
Processing spr-test-nicIperfTcpSUTGuestStress
Offering spr-test-nicIperfTcpSUTGuestStress to Project Build Discarder
Processing spr-test-nicIperfUdpStress
Offering spr-test-nicIperfUdpStress to Project Build Discarder
Processing spr-test-nicSilver
Offering spr-test-nicSilver to Project Build Discarder
Processing spr-test-nicSriovStress
Offering spr-test-nicSriovStress to Project Build Discarder
Processing test-iperf-SRIOV-ipv4-stress-2hours
Offering test-iperf-SRIOV-ipv4-stress-2hours to Project Build Discarder
Processing test-iperf-SRIOV-ipv6-stress-2hours
Offering test-iperf-SRIOV-ipv6-stress-2hours to Project Build Discarder
Processing test-nic-simple-Test
Offering test-nic-simple-Test to Project Build Discarder
Processing test-nic-sriov-stress-2hours
Offering test-nic-sriov-stress-2hours to Project Build Discarder
Processing test-test-iperf-4hours-tcp
Offering test-test-iperf-4hours-tcp to Project Build Discarder
Processing test-test-iperf-4hours-udp
Offering test-test-iperf-4hours-udp to Project Build Discarder
Processing test-test-iperf-SRIOV-ipv4-stress-2hours
Offering test-test-iperf-SRIOV-ipv4-stress-2hours to Project Build Discarder
Processing test-test-iperf-SRIOV-ipv6-stress-2hours
Offering test-test-iperf-SRIOV-ipv6-stress-2hours to Project Build Discarder
Processing test-test-nic-driveinstalluninstall
Offering test-test-nic-driveinstalluninstall to Project Build Discarder
Processing test-test-nic-simple
Offering test-test-nic-simple to Project Build Discarder
Processing test-test-nic-sriov-5times
Offering test-test-nic-sriov-5times to Project Build Discarder
Processing test-test-nic-sriov-stress-2hours
Offering test-test-nic-sriov-stress-2hours to Project Build Discarder
Processing test_dpdk_ovs
Offering test_dpdk_ovs to Project Build Discarder
Processing test_SRIOV_stress
Offering test_SRIOV_stress to Project Build Discarder
Finished at Fri Apr 08 05:11:12 GMT 2022. 1ms
Started at Fri Apr 08 06:11:12 GMT 2022
Processing clone-git
Offering clone-git to Project Build Discarder
Processing clone_code
Offering clone_code to Project Build Discarder
Processing cyp-test-iperf-4hours-tcp
Offering cyp-test-iperf-4hours-tcp to Project Build Discarder
Processing cyp-test-iperf-4hours-udp
Offering cyp-test-iperf-4hours-udp to Project Build Discarder
Processing cyp-test-iperf-Guest-stress-2hours
Offering cyp-test-iperf-Guest-stress-2hours to Project Build Discarder
Processing cyp-test-iperf-Guest-SUT-stress-2hours
Offering cyp-test-iperf-Guest-SUT-stress-2hours to Project Build Discarder
Processing cyp-test-nic-driveinstalluninstall
Offering cyp-test-nic-driveinstalluninstall to Project Build Discarder
Processing cyp-test-nic-simple
Offering cyp-test-nic-simple to Project Build Discarder
Processing cyp-test-nic-sriov-5times
Offering cyp-test-nic-sriov-5times to Project Build Discarder
Processing cyp-test-nic-sriov-stress-2hours
Offering cyp-test-nic-sriov-stress-2hours to Project Build Discarder
Processing exec-job1
Offering exec-job1 to Project Build Discarder
Processing icx-d-test-iperf-Guests-stress-2hours
Offering icx-d-test-iperf-Guests-stress-2hours to Project Build Discarder
Processing icx-d-test-iperf-SUT-Guest-stress-2hours
Offering icx-d-test-iperf-SUT-Guest-stress-2hours to Project Build Discarder
Processing icx-d-test-iperf-tcp-stress-4hours
Offering icx-d-test-iperf-tcp-stress-4hours to Project Build Discarder
Processing icx-d-test-iperf-udp-stress-4hours
Offering icx-d-test-iperf-udp-stress-4hours to Project Build Discarder
Processing icx-d-test-nic-driveinstalluninstall
Offering icx-d-test-nic-driveinstalluninstall to Project Build Discarder
Processing icx-d-test-nic-simple
Offering icx-d-test-nic-simple to Project Build Discarder
Processing icx-d-test-nic-sriov-5times
Offering icx-d-test-nic-sriov-5times to Project Build Discarder
Processing icx-d-test-nic-sriov-stress-2hours
Offering icx-d-test-nic-sriov-stress-2hours to Project Build Discarder
Processing iperf-4hours-tcp
Offering iperf-4hours-tcp to Project Build Discarder
Processing iperf-4hours-udp
Offering iperf-4hours-udp to Project Build Discarder
Processing jenkins-backup
Offering jenkins-backup to Project Build Discarder
Processing Jenkins-verification
Offering Jenkins-verification to Project Build Discarder
Processing nic_set_mtu
Offering nic_set_mtu to Project Build Discarder
Processing spr-test-nicGold
Offering spr-test-nicGold to Project Build Discarder
Processing spr-test-nicIperfTcpGuestsStress
Offering spr-test-nicIperfTcpGuestsStress to Project Build Discarder
Processing spr-test-nicIperfTcpStress
Offering spr-test-nicIperfTcpStress to Project Build Discarder
Processing spr-test-nicIperfTcpSUTGuestStress
Offering spr-test-nicIperfTcpSUTGuestStress to Project Build Discarder
Processing spr-test-nicIperfUdpStress
Offering spr-test-nicIperfUdpStress to Project Build Discarder
Processing spr-test-nicSilver
Offering spr-test-nicSilver to Project Build Discarder
Processing spr-test-nicSriovStress
Offering spr-test-nicSriovStress to Project Build Discarder
Processing test-iperf-SRIOV-ipv4-stress-2hours
Offering test-iperf-SRIOV-ipv4-stress-2hours to Project Build Discarder
Processing test-iperf-SRIOV-ipv6-stress-2hours
Offering test-iperf-SRIOV-ipv6-stress-2hours to Project Build Discarder
Processing test-nic-simple-Test
Offering test-nic-simple-Test to Project Build Discarder
Processing test-nic-sriov-stress-2hours
Offering test-nic-sriov-stress-2hours to Project Build Discarder
Processing test-test-iperf-4hours-tcp
Offering test-test-iperf-4hours-tcp to Project Build Discarder
Processing test-test-iperf-4hours-udp
Offering test-test-iperf-4hours-udp to Project Build Discarder
Processing test-test-iperf-SRIOV-ipv4-stress-2hours
Offering test-test-iperf-SRIOV-ipv4-stress-2hours to Project Build Discarder
Processing test-test-iperf-SRIOV-ipv6-stress-2hours
Offering test-test-iperf-SRIOV-ipv6-stress-2hours to Project Build Discarder
Processing test-test-nic-driveinstalluninstall
Offering test-test-nic-driveinstalluninstall to Project Build Discarder
Processing test-test-nic-simple
Offering test-test-nic-simple to Project Build Discarder
Processing test-test-nic-sriov-5times
Offering test-test-nic-sriov-5times to Project Build Discarder
Processing test-test-nic-sriov-stress-2hours
Offering test-test-nic-sriov-stress-2hours to Project Build Discarder
Processing test_dpdk_ovs
Offering test_dpdk_ovs to Project Build Discarder
Processing test_SRIOV_stress
Offering test_SRIOV_stress to Project Build Discarder
Finished at Fri Apr 08 06:11:12 GMT 2022. 1ms
Started at Fri Apr 08 07:11:12 GMT 2022
Processing clone-git
Offering clone-git to Project Build Discarder
Processing clone_code
Offering clone_code to Project Build Discarder
Processing cyp-test-iperf-4hours-tcp
Offering cyp-test-iperf-4hours-tcp to Project Build Discarder
Processing cyp-test-iperf-4hours-udp
Offering cyp-test-iperf-4hours-udp to Project Build Discarder
Processing cyp-test-iperf-Guest-stress-2hours
Offering cyp-test-iperf-Guest-stress-2hours to Project Build Discarder
Processing cyp-test-iperf-Guest-SUT-stress-2hours
Offering cyp-test-iperf-Guest-SUT-stress-2hours to Project Build Discarder
Processing cyp-test-nic-driveinstalluninstall
Offering cyp-test-nic-driveinstalluninstall to Project Build Discarder
Processing cyp-test-nic-simple
Offering cyp-test-nic-simple to Project Build Discarder
Processing cyp-test-nic-sriov-5times
Offering cyp-test-nic-sriov-5times to Project Build Discarder
Processing cyp-test-nic-sriov-stress-2hours
Offering cyp-test-nic-sriov-stress-2hours to Project Build Discarder
Processing exec-job1
Offering exec-job1 to Project Build Discarder
Processing icx-d-test-iperf-Guests-stress-2hours
Offering icx-d-test-iperf-Guests-stress-2hours to Project Build Discarder
Processing icx-d-test-iperf-SUT-Guest-stress-2hours
Offering icx-d-test-iperf-SUT-Guest-stress-2hours to Project Build Discarder
Processing icx-d-test-iperf-tcp-stress-4hours
Offering icx-d-test-iperf-tcp-stress-4hours to Project Build Discarder
Processing icx-d-test-iperf-udp-stress-4hours
Offering icx-d-test-iperf-udp-stress-4hours to Project Build Discarder
Processing icx-d-test-nic-driveinstalluninstall
Offering icx-d-test-nic-driveinstalluninstall to Project Build Discarder
Processing icx-d-test-nic-simple
Offering icx-d-test-nic-simple to Project Build Discarder
Processing icx-d-test-nic-sriov-5times
Offering icx-d-test-nic-sriov-5times to Project Build Discarder
Processing icx-d-test-nic-sriov-stress-2hours
Offering icx-d-test-nic-sriov-stress-2hours to Project Build Discarder
Processing iperf-4hours-tcp
Offering iperf-4hours-tcp to Project Build Discarder
Processing iperf-4hours-udp
Offering iperf-4hours-udp to Project Build Discarder
Processing jenkins-backup
Offering jenkins-backup to Project Build Discarder
Processing Jenkins-verification
Offering Jenkins-verification to Project Build Discarder
Processing nic_set_mtu
Offering nic_set_mtu to Project Build Discarder
Processing spr-test-nicGold
Offering spr-test-nicGold to Project Build Discarder
Processing spr-test-nicIperfTcpGuestsStress
Offering spr-test-nicIperfTcpGuestsStress to Project Build Discarder
Processing spr-test-nicIperfTcpStress
Offering spr-test-nicIperfTcpStress to Project Build Discarder
Processing spr-test-nicIperfTcpSUTGuestStress
Offering spr-test-nicIperfTcpSUTGuestStress to Project Build Discarder
Processing spr-test-nicIperfUdpStress
Offering spr-test-nicIperfUdpStress to Project Build Discarder
Processing spr-test-nicSilver
Offering spr-test-nicSilver to Project Build Discarder
Processing spr-test-nicSriovStress
Offering spr-test-nicSriovStress to Project Build Discarder
Processing test-iperf-SRIOV-ipv4-stress-2hours
Offering test-iperf-SRIOV-ipv4-stress-2hours to Project Build Discarder
Processing test-iperf-SRIOV-ipv6-stress-2hours
Offering test-iperf-SRIOV-ipv6-stress-2hours to Project Build Discarder
Processing test-nic-simple-Test
Offering test-nic-simple-Test to Project Build Discarder
Processing test-nic-sriov-stress-2hours
Offering test-nic-sriov-stress-2hours to Project Build Discarder
Processing test-test-iperf-4hours-tcp
Offering test-test-iperf-4hours-tcp to Project Build Discarder
Processing test-test-iperf-4hours-udp
Offering test-test-iperf-4hours-udp to Project Build Discarder
Processing test-test-iperf-SRIOV-ipv4-stress-2hours
Offering test-test-iperf-SRIOV-ipv4-stress-2hours to Project Build Discarder
Processing test-test-iperf-SRIOV-ipv6-stress-2hours
Offering test-test-iperf-SRIOV-ipv6-stress-2hours to Project Build Discarder
Processing test-test-nic-driveinstalluninstall
Offering test-test-nic-driveinstalluninstall to Project Build Discarder
Processing test-test-nic-simple
Offering test-test-nic-simple to Project Build Discarder
Processing test-test-nic-sriov-5times
Offering test-test-nic-sriov-5times to Project Build Discarder
Processing test-test-nic-sriov-stress-2hours
Offering test-test-nic-sriov-stress-2hours to Project Build Discarder
Processing test_dpdk_ovs
Offering test_dpdk_ovs to Project Build Discarder
Processing test_SRIOV_stress
Offering test_SRIOV_stress to Project Build Discarder
Finished at Fri Apr 08 07:11:12 GMT 2022. 1ms
