--- Copying files at Wed Sep 29 03:14:22 UTC 2021
--- Copying files at Wed Oct 13 08:47:20 UTC 2021
--- Copying files at Thu Oct 14 02:35:51 UTC 2021
--- Copying files at Mon Oct 18 09:29:45 UTC 2021
--- Copying files at Fri Nov  5 06:00:59 UTC 2021
--- Copying files at Fri Nov 12 08:28:31 UTC 2021
--- Copying files at Mon Nov 22 02:32:09 UTC 2021
--- Copying files at Thu Dec  2 17:53:37 UTC 2021
--- Copying files at Tue Jan 11 09:17:13 UTC 2022
--- Copying files at Mon Jan 17 03:27:43 UTC 2022
--- Copying files at Sat Feb 19 21:14:07 UTC 2022
--- Copying files at Tue Feb 22 12:28:30 UTC 2022
--- Copying files at Wed Feb 23 05:37:10 UTC 2022
--- Copying files at Wed Feb 23 18:06:51 UTC 2022
--- Copying files at Thu Feb 24 00:09:25 UTC 2022
--- Copying files at Thu Feb 24 03:36:55 UTC 2022
--- Copying files at Thu Feb 24 03:39:34 UTC 2022
--- Copying files at Mon Feb 28 09:36:55 UTC 2022
--- Copying files at Wed Mar  2 22:17:01 UTC 2022
--- Copying files at Mon Mar  7 00:50:43 UTC 2022
--- Copying files at Mon Mar  7 02:41:09 UTC 2022
--- Copying files at Mon Mar  7 04:21:25 UTC 2022
--- Copying files at Tue Mar  8 06:16:21 UTC 2022
--- Copying files at Tue Mar  8 18:11:02 UTC 2022
--- Copying files at Thu Mar 10 00:10:08 UTC 2022
--- Copying files at Thu Mar 10 20:36:49 UTC 2022
--- Copying files at Fri Mar 11 05:51:16 UTC 2022
--- Copying files at Mon Mar 14 07:33:57 UTC 2022
--- Copying files at Tue Mar 15 08:36:27 UTC 2022
--- Copying files at Wed Mar 16 17:22:46 UTC 2022
--- Copying files at Fri Mar 18 19:34:47 UTC 2022
--- Copying files at Wed Mar 23 21:35:22 UTC 2022
--- Copying files at Mon Mar 28 21:10:41 UTC 2022
--- Copying files at Wed Mar 30 18:38:57 UTC 2022
