Started at Fri Apr 01 21:22:41 GMT 2022
Processing clone-git
Offering clone-git to Project Build Discarder
Processing clone_code
Offering clone_code to Project Build Discarder
Processing cyp-test-iperf-4hours-tcp
Offering cyp-test-iperf-4hours-tcp to Project Build Discarder
Processing cyp-test-iperf-4hours-udp
Offering cyp-test-iperf-4hours-udp to Project Build Discarder
Processing cyp-test-iperf-SRIOV-ipv4-stress-2hours
Offering cyp-test-iperf-SRIOV-ipv4-stress-2hours to Project Build Discarder
Processing cyp-test-iperf-SRIOV-ipv6-stress-2hours
Offering cyp-test-iperf-SRIOV-ipv6-stress-2hours to Project Build Discarder
Processing cyp-test-nic-driveinstalluninstall
Offering cyp-test-nic-driveinstalluninstall to Project Build Discarder
Processing cyp-test-nic-simple
Offering cyp-test-nic-simple to Project Build Discarder
Processing cyp-test-nic-sriov-5times
Offering cyp-test-nic-sriov-5times to Project Build Discarder
Processing cyp-test-nic-sriov-stress-2hours
Offering cyp-test-nic-sriov-stress-2hours to Project Build Discarder
Processing exec-job1
Offering exec-job1 to Project Build Discarder
Processing icx-d-test-iperf-4hours-tcp
Offering icx-d-test-iperf-4hours-tcp to Project Build Discarder
Processing icx-d-test-iperf-4hours-udp
Offering icx-d-test-iperf-4hours-udp to Project Build Discarder
Processing icx-d-test-iperf-SRIOV-ipv4-stress-2hours
Offering icx-d-test-iperf-SRIOV-ipv4-stress-2hours to Project Build Discarder
Processing icx-d-test-iperf-SRIOV-ipv6-stress-2hours
Offering icx-d-test-iperf-SRIOV-ipv6-stress-2hours to Project Build Discarder
Processing icx-d-test-nic-driveinstalluninstall
Offering icx-d-test-nic-driveinstalluninstall to Project Build Discarder
Processing icx-d-test-nic-simple
Offering icx-d-test-nic-simple to Project Build Discarder
Processing icx-d-test-nic-sriov-5times
Offering icx-d-test-nic-sriov-5times to Project Build Discarder
Processing icx-d-test-nic-sriov-stress-2hours
Offering icx-d-test-nic-sriov-stress-2hours to Project Build Discarder
Processing iperf-4hours-tcp
Offering iperf-4hours-tcp to Project Build Discarder
Processing iperf-4hours-udp
Offering iperf-4hours-udp to Project Build Discarder
Processing jenkins-backup
Offering jenkins-backup to Project Build Discarder
Processing Jenkins-verification
Offering Jenkins-verification to Project Build Discarder
Processing nic_set_mtu
Offering nic_set_mtu to Project Build Discarder
Processing spr-test-nic-driveinstalluninstall
Offering spr-test-nic-driveinstalluninstall to Project Build Discarder
Processing spr-test-nicGold
Offering spr-test-nicGold to Project Build Discarder
Processing spr-test-nicIperfTcpGuestStress_ipv4
Offering spr-test-nicIperfTcpGuestStress_ipv4 to Project Build Discarder
Processing spr-test-nicIperfTcpGuestStress_ipv6
Offering spr-test-nicIperfTcpGuestStress_ipv6 to Project Build Discarder
Processing spr-test-nicIperfTcpStress
Offering spr-test-nicIperfTcpStress to Project Build Discarder
Processing spr-test-nicIperfUdpStress
Offering spr-test-nicIperfUdpStress to Project Build Discarder
Processing spr-test-nicSilver
Offering spr-test-nicSilver to Project Build Discarder
Processing spr-test-nicSriovStress
Offering spr-test-nicSriovStress to Project Build Discarder
Processing test-iperf-SRIOV-ipv4-stress-2hours
Offering test-iperf-SRIOV-ipv4-stress-2hours to Project Build Discarder
Processing test-iperf-SRIOV-ipv6-stress-2hours
Offering test-iperf-SRIOV-ipv6-stress-2hours to Project Build Discarder
Processing test-nic-simple-Test
Offering test-nic-simple-Test to Project Build Discarder
Processing test-nic-sriov-stress-2hours
Offering test-nic-sriov-stress-2hours to Project Build Discarder
Processing test-test-iperf-4hours-tcp
Offering test-test-iperf-4hours-tcp to Project Build Discarder
Processing test-test-iperf-4hours-udp
Offering test-test-iperf-4hours-udp to Project Build Discarder
Processing test-test-iperf-SRIOV-ipv4-stress-2hours
Offering test-test-iperf-SRIOV-ipv4-stress-2hours to Project Build Discarder
Processing test-test-iperf-SRIOV-ipv6-stress-2hours
Offering test-test-iperf-SRIOV-ipv6-stress-2hours to Project Build Discarder
Processing test-test-nic-driveinstalluninstall
Offering test-test-nic-driveinstalluninstall to Project Build Discarder
Processing test-test-nic-simple
Offering test-test-nic-simple to Project Build Discarder
Processing test-test-nic-sriov-5times
Offering test-test-nic-sriov-5times to Project Build Discarder
Processing test-test-nic-sriov-stress-2hours
Offering test-test-nic-sriov-stress-2hours to Project Build Discarder
Processing test_dpdk_ovs
Offering test_dpdk_ovs to Project Build Discarder
Processing test_SRIOV_stress
Offering test_SRIOV_stress to Project Build Discarder
Finished at Fri Apr 01 21:22:41 GMT 2022. 1ms
Started at Fri Apr 01 22:22:41 GMT 2022
Processing clone-git
Offering clone-git to Project Build Discarder
Processing clone_code
Offering clone_code to Project Build Discarder
Processing cyp-test-iperf-4hours-tcp
Offering cyp-test-iperf-4hours-tcp to Project Build Discarder
Processing cyp-test-iperf-4hours-udp
Offering cyp-test-iperf-4hours-udp to Project Build Discarder
Processing cyp-test-iperf-SRIOV-ipv4-stress-2hours
Offering cyp-test-iperf-SRIOV-ipv4-stress-2hours to Project Build Discarder
Processing cyp-test-iperf-SRIOV-ipv6-stress-2hours
Offering cyp-test-iperf-SRIOV-ipv6-stress-2hours to Project Build Discarder
Processing cyp-test-nic-driveinstalluninstall
Offering cyp-test-nic-driveinstalluninstall to Project Build Discarder
Processing cyp-test-nic-simple
Offering cyp-test-nic-simple to Project Build Discarder
Processing cyp-test-nic-sriov-5times
Offering cyp-test-nic-sriov-5times to Project Build Discarder
Processing cyp-test-nic-sriov-stress-2hours
Offering cyp-test-nic-sriov-stress-2hours to Project Build Discarder
Processing exec-job1
Offering exec-job1 to Project Build Discarder
Processing icx-d-test-iperf-4hours-tcp
Offering icx-d-test-iperf-4hours-tcp to Project Build Discarder
Processing icx-d-test-iperf-4hours-udp
Offering icx-d-test-iperf-4hours-udp to Project Build Discarder
Processing icx-d-test-iperf-SRIOV-ipv4-stress-2hours
Offering icx-d-test-iperf-SRIOV-ipv4-stress-2hours to Project Build Discarder
Processing icx-d-test-iperf-SRIOV-ipv6-stress-2hours
Offering icx-d-test-iperf-SRIOV-ipv6-stress-2hours to Project Build Discarder
Processing icx-d-test-nic-driveinstalluninstall
Offering icx-d-test-nic-driveinstalluninstall to Project Build Discarder
Processing icx-d-test-nic-simple
Offering icx-d-test-nic-simple to Project Build Discarder
Processing icx-d-test-nic-sriov-5times
Offering icx-d-test-nic-sriov-5times to Project Build Discarder
Processing icx-d-test-nic-sriov-stress-2hours
Offering icx-d-test-nic-sriov-stress-2hours to Project Build Discarder
Processing iperf-4hours-tcp
Offering iperf-4hours-tcp to Project Build Discarder
Processing iperf-4hours-udp
Offering iperf-4hours-udp to Project Build Discarder
Processing jenkins-backup
Offering jenkins-backup to Project Build Discarder
Processing Jenkins-verification
Offering Jenkins-verification to Project Build Discarder
Processing nic_set_mtu
Offering nic_set_mtu to Project Build Discarder
Processing spr-test-nic-driveinstalluninstall
Offering spr-test-nic-driveinstalluninstall to Project Build Discarder
Processing spr-test-nicGold
Offering spr-test-nicGold to Project Build Discarder
Processing spr-test-nicIperfTcpGuestStress_ipv4
Offering spr-test-nicIperfTcpGuestStress_ipv4 to Project Build Discarder
Processing spr-test-nicIperfTcpGuestStress_ipv6
Offering spr-test-nicIperfTcpGuestStress_ipv6 to Project Build Discarder
Processing spr-test-nicIperfTcpStress
Offering spr-test-nicIperfTcpStress to Project Build Discarder
Processing spr-test-nicIperfUdpStress
Offering spr-test-nicIperfUdpStress to Project Build Discarder
Processing spr-test-nicSilver
Offering spr-test-nicSilver to Project Build Discarder
Processing spr-test-nicSriovStress
Offering spr-test-nicSriovStress to Project Build Discarder
Processing test-iperf-SRIOV-ipv4-stress-2hours
Offering test-iperf-SRIOV-ipv4-stress-2hours to Project Build Discarder
Processing test-iperf-SRIOV-ipv6-stress-2hours
Offering test-iperf-SRIOV-ipv6-stress-2hours to Project Build Discarder
Processing test-nic-simple-Test
Offering test-nic-simple-Test to Project Build Discarder
Processing test-nic-sriov-stress-2hours
Offering test-nic-sriov-stress-2hours to Project Build Discarder
Processing test-test-iperf-4hours-tcp
Offering test-test-iperf-4hours-tcp to Project Build Discarder
Processing test-test-iperf-4hours-udp
Offering test-test-iperf-4hours-udp to Project Build Discarder
Processing test-test-iperf-SRIOV-ipv4-stress-2hours
Offering test-test-iperf-SRIOV-ipv4-stress-2hours to Project Build Discarder
Processing test-test-iperf-SRIOV-ipv6-stress-2hours
Offering test-test-iperf-SRIOV-ipv6-stress-2hours to Project Build Discarder
Processing test-test-nic-driveinstalluninstall
Offering test-test-nic-driveinstalluninstall to Project Build Discarder
Processing test-test-nic-simple
Offering test-test-nic-simple to Project Build Discarder
Processing test-test-nic-sriov-5times
Offering test-test-nic-sriov-5times to Project Build Discarder
Processing test-test-nic-sriov-stress-2hours
Offering test-test-nic-sriov-stress-2hours to Project Build Discarder
Processing test_dpdk_ovs
Offering test_dpdk_ovs to Project Build Discarder
Processing test_SRIOV_stress
Offering test_SRIOV_stress to Project Build Discarder
Finished at Fri Apr 01 22:22:41 GMT 2022. 0ms
Started at Fri Apr 01 23:22:41 GMT 2022
Processing clone-git
Offering clone-git to Project Build Discarder
Processing clone_code
Offering clone_code to Project Build Discarder
Processing cyp-test-iperf-4hours-tcp
Offering cyp-test-iperf-4hours-tcp to Project Build Discarder
Processing cyp-test-iperf-4hours-udp
Offering cyp-test-iperf-4hours-udp to Project Build Discarder
Processing cyp-test-iperf-SRIOV-ipv4-stress-2hours
Offering cyp-test-iperf-SRIOV-ipv4-stress-2hours to Project Build Discarder
Processing cyp-test-iperf-SRIOV-ipv6-stress-2hours
Offering cyp-test-iperf-SRIOV-ipv6-stress-2hours to Project Build Discarder
Processing cyp-test-nic-driveinstalluninstall
Offering cyp-test-nic-driveinstalluninstall to Project Build Discarder
Processing cyp-test-nic-simple
Offering cyp-test-nic-simple to Project Build Discarder
Processing cyp-test-nic-sriov-5times
Offering cyp-test-nic-sriov-5times to Project Build Discarder
Processing cyp-test-nic-sriov-stress-2hours
Offering cyp-test-nic-sriov-stress-2hours to Project Build Discarder
Processing exec-job1
Offering exec-job1 to Project Build Discarder
Processing icx-d-test-iperf-4hours-tcp
Offering icx-d-test-iperf-4hours-tcp to Project Build Discarder
Processing icx-d-test-iperf-4hours-udp
Offering icx-d-test-iperf-4hours-udp to Project Build Discarder
Processing icx-d-test-iperf-SRIOV-ipv4-stress-2hours
Offering icx-d-test-iperf-SRIOV-ipv4-stress-2hours to Project Build Discarder
Processing icx-d-test-iperf-SRIOV-ipv6-stress-2hours
Offering icx-d-test-iperf-SRIOV-ipv6-stress-2hours to Project Build Discarder
Processing icx-d-test-nic-driveinstalluninstall
Offering icx-d-test-nic-driveinstalluninstall to Project Build Discarder
Processing icx-d-test-nic-simple
Offering icx-d-test-nic-simple to Project Build Discarder
Processing icx-d-test-nic-sriov-5times
Offering icx-d-test-nic-sriov-5times to Project Build Discarder
Processing icx-d-test-nic-sriov-stress-2hours
Offering icx-d-test-nic-sriov-stress-2hours to Project Build Discarder
Processing iperf-4hours-tcp
Offering iperf-4hours-tcp to Project Build Discarder
Processing iperf-4hours-udp
Offering iperf-4hours-udp to Project Build Discarder
Processing jenkins-backup
Offering jenkins-backup to Project Build Discarder
Processing Jenkins-verification
Offering Jenkins-verification to Project Build Discarder
Processing nic_set_mtu
Offering nic_set_mtu to Project Build Discarder
Processing spr-test-nic-driveinstalluninstall
Offering spr-test-nic-driveinstalluninstall to Project Build Discarder
Processing spr-test-nicGold
Offering spr-test-nicGold to Project Build Discarder
Processing spr-test-nicIperfTcpGuestStress_ipv4
Offering spr-test-nicIperfTcpGuestStress_ipv4 to Project Build Discarder
Processing spr-test-nicIperfTcpGuestStress_ipv6
Offering spr-test-nicIperfTcpGuestStress_ipv6 to Project Build Discarder
Processing spr-test-nicIperfTcpStress
Offering spr-test-nicIperfTcpStress to Project Build Discarder
Processing spr-test-nicIperfUdpStress
Offering spr-test-nicIperfUdpStress to Project Build Discarder
Processing spr-test-nicSilver
Offering spr-test-nicSilver to Project Build Discarder
Processing spr-test-nicSriovStress
Offering spr-test-nicSriovStress to Project Build Discarder
Processing test-iperf-SRIOV-ipv4-stress-2hours
Offering test-iperf-SRIOV-ipv4-stress-2hours to Project Build Discarder
Processing test-iperf-SRIOV-ipv6-stress-2hours
Offering test-iperf-SRIOV-ipv6-stress-2hours to Project Build Discarder
Processing test-nic-simple-Test
Offering test-nic-simple-Test to Project Build Discarder
Processing test-nic-sriov-stress-2hours
Offering test-nic-sriov-stress-2hours to Project Build Discarder
Processing test-test-iperf-4hours-tcp
Offering test-test-iperf-4hours-tcp to Project Build Discarder
Processing test-test-iperf-4hours-udp
Offering test-test-iperf-4hours-udp to Project Build Discarder
Processing test-test-iperf-SRIOV-ipv4-stress-2hours
Offering test-test-iperf-SRIOV-ipv4-stress-2hours to Project Build Discarder
Processing test-test-iperf-SRIOV-ipv6-stress-2hours
Offering test-test-iperf-SRIOV-ipv6-stress-2hours to Project Build Discarder
Processing test-test-nic-driveinstalluninstall
Offering test-test-nic-driveinstalluninstall to Project Build Discarder
Processing test-test-nic-simple
Offering test-test-nic-simple to Project Build Discarder
Processing test-test-nic-sriov-5times
Offering test-test-nic-sriov-5times to Project Build Discarder
Processing test-test-nic-sriov-stress-2hours
Offering test-test-nic-sriov-stress-2hours to Project Build Discarder
Processing test_dpdk_ovs
Offering test_dpdk_ovs to Project Build Discarder
Processing test_SRIOV_stress
Offering test_SRIOV_stress to Project Build Discarder
Finished at Fri Apr 01 23:22:41 GMT 2022. 1ms
Started at Sat Apr 02 00:22:41 GMT 2022
Processing clone-git
Offering clone-git to Project Build Discarder
Processing clone_code
Offering clone_code to Project Build Discarder
Processing cyp-test-iperf-4hours-tcp
Offering cyp-test-iperf-4hours-tcp to Project Build Discarder
Processing cyp-test-iperf-4hours-udp
Offering cyp-test-iperf-4hours-udp to Project Build Discarder
Processing cyp-test-iperf-SRIOV-ipv4-stress-2hours
Offering cyp-test-iperf-SRIOV-ipv4-stress-2hours to Project Build Discarder
Processing cyp-test-iperf-SRIOV-ipv6-stress-2hours
Offering cyp-test-iperf-SRIOV-ipv6-stress-2hours to Project Build Discarder
Processing cyp-test-nic-driveinstalluninstall
Offering cyp-test-nic-driveinstalluninstall to Project Build Discarder
Processing cyp-test-nic-simple
Offering cyp-test-nic-simple to Project Build Discarder
Processing cyp-test-nic-sriov-5times
Offering cyp-test-nic-sriov-5times to Project Build Discarder
Processing cyp-test-nic-sriov-stress-2hours
Offering cyp-test-nic-sriov-stress-2hours to Project Build Discarder
Processing exec-job1
Offering exec-job1 to Project Build Discarder
Processing icx-d-test-iperf-4hours-tcp
Offering icx-d-test-iperf-4hours-tcp to Project Build Discarder
Processing icx-d-test-iperf-4hours-udp
Offering icx-d-test-iperf-4hours-udp to Project Build Discarder
Processing icx-d-test-iperf-SRIOV-ipv4-stress-2hours
Offering icx-d-test-iperf-SRIOV-ipv4-stress-2hours to Project Build Discarder
Processing icx-d-test-iperf-SRIOV-ipv6-stress-2hours
Offering icx-d-test-iperf-SRIOV-ipv6-stress-2hours to Project Build Discarder
Processing icx-d-test-nic-driveinstalluninstall
Offering icx-d-test-nic-driveinstalluninstall to Project Build Discarder
Processing icx-d-test-nic-simple
Offering icx-d-test-nic-simple to Project Build Discarder
Processing icx-d-test-nic-sriov-5times
Offering icx-d-test-nic-sriov-5times to Project Build Discarder
Processing icx-d-test-nic-sriov-stress-2hours
Offering icx-d-test-nic-sriov-stress-2hours to Project Build Discarder
Processing iperf-4hours-tcp
Offering iperf-4hours-tcp to Project Build Discarder
Processing iperf-4hours-udp
Offering iperf-4hours-udp to Project Build Discarder
Processing jenkins-backup
Offering jenkins-backup to Project Build Discarder
Processing Jenkins-verification
Offering Jenkins-verification to Project Build Discarder
Processing nic_set_mtu
Offering nic_set_mtu to Project Build Discarder
Processing spr-test-nic-driveinstalluninstall
Offering spr-test-nic-driveinstalluninstall to Project Build Discarder
Processing spr-test-nicGold
Offering spr-test-nicGold to Project Build Discarder
Processing spr-test-nicIperfTcpGuestStress_ipv4
Offering spr-test-nicIperfTcpGuestStress_ipv4 to Project Build Discarder
Processing spr-test-nicIperfTcpGuestStress_ipv6
Offering spr-test-nicIperfTcpGuestStress_ipv6 to Project Build Discarder
Processing spr-test-nicIperfTcpStress
Offering spr-test-nicIperfTcpStress to Project Build Discarder
Processing spr-test-nicIperfUdpStress
Offering spr-test-nicIperfUdpStress to Project Build Discarder
Processing spr-test-nicSilver
Offering spr-test-nicSilver to Project Build Discarder
Processing spr-test-nicSriovStress
Offering spr-test-nicSriovStress to Project Build Discarder
Processing test-iperf-SRIOV-ipv4-stress-2hours
Offering test-iperf-SRIOV-ipv4-stress-2hours to Project Build Discarder
Processing test-iperf-SRIOV-ipv6-stress-2hours
Offering test-iperf-SRIOV-ipv6-stress-2hours to Project Build Discarder
Processing test-nic-simple-Test
Offering test-nic-simple-Test to Project Build Discarder
Processing test-nic-sriov-stress-2hours
Offering test-nic-sriov-stress-2hours to Project Build Discarder
Processing test-test-iperf-4hours-tcp
Offering test-test-iperf-4hours-tcp to Project Build Discarder
Processing test-test-iperf-4hours-udp
Offering test-test-iperf-4hours-udp to Project Build Discarder
Processing test-test-iperf-SRIOV-ipv4-stress-2hours
Offering test-test-iperf-SRIOV-ipv4-stress-2hours to Project Build Discarder
Processing test-test-iperf-SRIOV-ipv6-stress-2hours
Offering test-test-iperf-SRIOV-ipv6-stress-2hours to Project Build Discarder
Processing test-test-nic-driveinstalluninstall
Offering test-test-nic-driveinstalluninstall to Project Build Discarder
Processing test-test-nic-simple
Offering test-test-nic-simple to Project Build Discarder
Processing test-test-nic-sriov-5times
Offering test-test-nic-sriov-5times to Project Build Discarder
Processing test-test-nic-sriov-stress-2hours
Offering test-test-nic-sriov-stress-2hours to Project Build Discarder
Processing test_dpdk_ovs
Offering test_dpdk_ovs to Project Build Discarder
Processing test_SRIOV_stress
Offering test_SRIOV_stress to Project Build Discarder
Finished at Sat Apr 02 00:22:41 GMT 2022. 0ms
Started at Sat Apr 02 01:22:41 GMT 2022
Processing clone-git
Offering clone-git to Project Build Discarder
Processing clone_code
Offering clone_code to Project Build Discarder
Processing cyp-test-iperf-4hours-tcp
Offering cyp-test-iperf-4hours-tcp to Project Build Discarder
Processing cyp-test-iperf-4hours-udp
Offering cyp-test-iperf-4hours-udp to Project Build Discarder
Processing cyp-test-iperf-SRIOV-ipv4-stress-2hours
Offering cyp-test-iperf-SRIOV-ipv4-stress-2hours to Project Build Discarder
Processing cyp-test-iperf-SRIOV-ipv6-stress-2hours
Offering cyp-test-iperf-SRIOV-ipv6-stress-2hours to Project Build Discarder
Processing cyp-test-nic-driveinstalluninstall
Offering cyp-test-nic-driveinstalluninstall to Project Build Discarder
Processing cyp-test-nic-simple
Offering cyp-test-nic-simple to Project Build Discarder
Processing cyp-test-nic-sriov-5times
Offering cyp-test-nic-sriov-5times to Project Build Discarder
Processing cyp-test-nic-sriov-stress-2hours
Offering cyp-test-nic-sriov-stress-2hours to Project Build Discarder
Processing exec-job1
Offering exec-job1 to Project Build Discarder
Processing icx-d-test-iperf-4hours-tcp
Offering icx-d-test-iperf-4hours-tcp to Project Build Discarder
Processing icx-d-test-iperf-4hours-udp
Offering icx-d-test-iperf-4hours-udp to Project Build Discarder
Processing icx-d-test-iperf-SRIOV-ipv4-stress-2hours
Offering icx-d-test-iperf-SRIOV-ipv4-stress-2hours to Project Build Discarder
Processing icx-d-test-iperf-SRIOV-ipv6-stress-2hours
Offering icx-d-test-iperf-SRIOV-ipv6-stress-2hours to Project Build Discarder
Processing icx-d-test-nic-driveinstalluninstall
Offering icx-d-test-nic-driveinstalluninstall to Project Build Discarder
Processing icx-d-test-nic-simple
Offering icx-d-test-nic-simple to Project Build Discarder
Processing icx-d-test-nic-sriov-5times
Offering icx-d-test-nic-sriov-5times to Project Build Discarder
Processing icx-d-test-nic-sriov-stress-2hours
Offering icx-d-test-nic-sriov-stress-2hours to Project Build Discarder
Processing iperf-4hours-tcp
Offering iperf-4hours-tcp to Project Build Discarder
Processing iperf-4hours-udp
Offering iperf-4hours-udp to Project Build Discarder
Processing jenkins-backup
Offering jenkins-backup to Project Build Discarder
Processing Jenkins-verification
Offering Jenkins-verification to Project Build Discarder
Processing nic_set_mtu
Offering nic_set_mtu to Project Build Discarder
Processing spr-test-nic-driveinstalluninstall
Offering spr-test-nic-driveinstalluninstall to Project Build Discarder
Processing spr-test-nicGold
Offering spr-test-nicGold to Project Build Discarder
Processing spr-test-nicIperfTcpGuestStress_ipv4
Offering spr-test-nicIperfTcpGuestStress_ipv4 to Project Build Discarder
Processing spr-test-nicIperfTcpGuestStress_ipv6
Offering spr-test-nicIperfTcpGuestStress_ipv6 to Project Build Discarder
Processing spr-test-nicIperfTcpStress
Offering spr-test-nicIperfTcpStress to Project Build Discarder
Processing spr-test-nicIperfUdpStress
Offering spr-test-nicIperfUdpStress to Project Build Discarder
Processing spr-test-nicSilver
Offering spr-test-nicSilver to Project Build Discarder
Processing spr-test-nicSriovStress
Offering spr-test-nicSriovStress to Project Build Discarder
Processing test-iperf-SRIOV-ipv4-stress-2hours
Offering test-iperf-SRIOV-ipv4-stress-2hours to Project Build Discarder
Processing test-iperf-SRIOV-ipv6-stress-2hours
Offering test-iperf-SRIOV-ipv6-stress-2hours to Project Build Discarder
Processing test-nic-simple-Test
Offering test-nic-simple-Test to Project Build Discarder
Processing test-nic-sriov-stress-2hours
Offering test-nic-sriov-stress-2hours to Project Build Discarder
Processing test-test-iperf-4hours-tcp
Offering test-test-iperf-4hours-tcp to Project Build Discarder
Processing test-test-iperf-4hours-udp
Offering test-test-iperf-4hours-udp to Project Build Discarder
Processing test-test-iperf-SRIOV-ipv4-stress-2hours
Offering test-test-iperf-SRIOV-ipv4-stress-2hours to Project Build Discarder
Processing test-test-iperf-SRIOV-ipv6-stress-2hours
Offering test-test-iperf-SRIOV-ipv6-stress-2hours to Project Build Discarder
Processing test-test-nic-driveinstalluninstall
Offering test-test-nic-driveinstalluninstall to Project Build Discarder
Processing test-test-nic-simple
Offering test-test-nic-simple to Project Build Discarder
Processing test-test-nic-sriov-5times
Offering test-test-nic-sriov-5times to Project Build Discarder
Processing test-test-nic-sriov-stress-2hours
Offering test-test-nic-sriov-stress-2hours to Project Build Discarder
Processing test_dpdk_ovs
Offering test_dpdk_ovs to Project Build Discarder
Processing test_SRIOV_stress
Offering test_SRIOV_stress to Project Build Discarder
Finished at Sat Apr 02 01:22:41 GMT 2022. 1ms
Started at Sat Apr 02 02:22:41 GMT 2022
Processing clone-git
Offering clone-git to Project Build Discarder
Processing clone_code
Offering clone_code to Project Build Discarder
Processing cyp-test-iperf-4hours-tcp
Offering cyp-test-iperf-4hours-tcp to Project Build Discarder
Processing cyp-test-iperf-4hours-udp
Offering cyp-test-iperf-4hours-udp to Project Build Discarder
Processing cyp-test-iperf-SRIOV-ipv4-stress-2hours
Offering cyp-test-iperf-SRIOV-ipv4-stress-2hours to Project Build Discarder
Processing cyp-test-iperf-SRIOV-ipv6-stress-2hours
Offering cyp-test-iperf-SRIOV-ipv6-stress-2hours to Project Build Discarder
Processing cyp-test-nic-driveinstalluninstall
Offering cyp-test-nic-driveinstalluninstall to Project Build Discarder
Processing cyp-test-nic-simple
Offering cyp-test-nic-simple to Project Build Discarder
Processing cyp-test-nic-sriov-5times
Offering cyp-test-nic-sriov-5times to Project Build Discarder
Processing cyp-test-nic-sriov-stress-2hours
Offering cyp-test-nic-sriov-stress-2hours to Project Build Discarder
Processing exec-job1
Offering exec-job1 to Project Build Discarder
Processing icx-d-test-iperf-4hours-tcp
Offering icx-d-test-iperf-4hours-tcp to Project Build Discarder
Processing icx-d-test-iperf-4hours-udp
Offering icx-d-test-iperf-4hours-udp to Project Build Discarder
Processing icx-d-test-iperf-SRIOV-ipv4-stress-2hours
Offering icx-d-test-iperf-SRIOV-ipv4-stress-2hours to Project Build Discarder
Processing icx-d-test-iperf-SRIOV-ipv6-stress-2hours
Offering icx-d-test-iperf-SRIOV-ipv6-stress-2hours to Project Build Discarder
Processing icx-d-test-nic-driveinstalluninstall
Offering icx-d-test-nic-driveinstalluninstall to Project Build Discarder
Processing icx-d-test-nic-simple
Offering icx-d-test-nic-simple to Project Build Discarder
Processing icx-d-test-nic-sriov-5times
Offering icx-d-test-nic-sriov-5times to Project Build Discarder
Processing icx-d-test-nic-sriov-stress-2hours
Offering icx-d-test-nic-sriov-stress-2hours to Project Build Discarder
Processing iperf-4hours-tcp
Offering iperf-4hours-tcp to Project Build Discarder
Processing iperf-4hours-udp
Offering iperf-4hours-udp to Project Build Discarder
Processing jenkins-backup
Offering jenkins-backup to Project Build Discarder
Processing Jenkins-verification
Offering Jenkins-verification to Project Build Discarder
Processing nic_set_mtu
Offering nic_set_mtu to Project Build Discarder
Processing spr-test-nic-driveinstalluninstall
Offering spr-test-nic-driveinstalluninstall to Project Build Discarder
Processing spr-test-nicGold
Offering spr-test-nicGold to Project Build Discarder
Processing spr-test-nicIperfTcpGuestStress_ipv4
Offering spr-test-nicIperfTcpGuestStress_ipv4 to Project Build Discarder
Processing spr-test-nicIperfTcpGuestStress_ipv6
Offering spr-test-nicIperfTcpGuestStress_ipv6 to Project Build Discarder
Processing spr-test-nicIperfTcpStress
Offering spr-test-nicIperfTcpStress to Project Build Discarder
Processing spr-test-nicIperfUdpStress
Offering spr-test-nicIperfUdpStress to Project Build Discarder
Processing spr-test-nicSilver
Offering spr-test-nicSilver to Project Build Discarder
Processing spr-test-nicSriovStress
Offering spr-test-nicSriovStress to Project Build Discarder
Processing test-iperf-SRIOV-ipv4-stress-2hours
Offering test-iperf-SRIOV-ipv4-stress-2hours to Project Build Discarder
Processing test-iperf-SRIOV-ipv6-stress-2hours
Offering test-iperf-SRIOV-ipv6-stress-2hours to Project Build Discarder
Processing test-nic-simple-Test
Offering test-nic-simple-Test to Project Build Discarder
Processing test-nic-sriov-stress-2hours
Offering test-nic-sriov-stress-2hours to Project Build Discarder
Processing test-test-iperf-4hours-tcp
Offering test-test-iperf-4hours-tcp to Project Build Discarder
Processing test-test-iperf-4hours-udp
Offering test-test-iperf-4hours-udp to Project Build Discarder
Processing test-test-iperf-SRIOV-ipv4-stress-2hours
Offering test-test-iperf-SRIOV-ipv4-stress-2hours to Project Build Discarder
Processing test-test-iperf-SRIOV-ipv6-stress-2hours
Offering test-test-iperf-SRIOV-ipv6-stress-2hours to Project Build Discarder
Processing test-test-nic-driveinstalluninstall
Offering test-test-nic-driveinstalluninstall to Project Build Discarder
Processing test-test-nic-simple
Offering test-test-nic-simple to Project Build Discarder
Processing test-test-nic-sriov-5times
Offering test-test-nic-sriov-5times to Project Build Discarder
Processing test-test-nic-sriov-stress-2hours
Offering test-test-nic-sriov-stress-2hours to Project Build Discarder
Processing test_dpdk_ovs
Offering test_dpdk_ovs to Project Build Discarder
Processing test_SRIOV_stress
Offering test_SRIOV_stress to Project Build Discarder
Finished at Sat Apr 02 02:22:41 GMT 2022. 1ms
Started at Sat Apr 02 03:22:41 GMT 2022
Processing clone-git
Offering clone-git to Project Build Discarder
Processing clone_code
Offering clone_code to Project Build Discarder
Processing cyp-test-iperf-4hours-tcp
Offering cyp-test-iperf-4hours-tcp to Project Build Discarder
Processing cyp-test-iperf-4hours-udp
Offering cyp-test-iperf-4hours-udp to Project Build Discarder
Processing cyp-test-iperf-SRIOV-ipv4-stress-2hours
Offering cyp-test-iperf-SRIOV-ipv4-stress-2hours to Project Build Discarder
Processing cyp-test-iperf-SRIOV-ipv6-stress-2hours
Offering cyp-test-iperf-SRIOV-ipv6-stress-2hours to Project Build Discarder
Processing cyp-test-nic-driveinstalluninstall
Offering cyp-test-nic-driveinstalluninstall to Project Build Discarder
Processing cyp-test-nic-simple
Offering cyp-test-nic-simple to Project Build Discarder
Processing cyp-test-nic-sriov-5times
Offering cyp-test-nic-sriov-5times to Project Build Discarder
Processing cyp-test-nic-sriov-stress-2hours
Offering cyp-test-nic-sriov-stress-2hours to Project Build Discarder
Processing exec-job1
Offering exec-job1 to Project Build Discarder
Processing icx-d-test-iperf-4hours-tcp
Offering icx-d-test-iperf-4hours-tcp to Project Build Discarder
Processing icx-d-test-iperf-4hours-udp
Offering icx-d-test-iperf-4hours-udp to Project Build Discarder
Processing icx-d-test-iperf-SRIOV-ipv4-stress-2hours
Offering icx-d-test-iperf-SRIOV-ipv4-stress-2hours to Project Build Discarder
Processing icx-d-test-iperf-SRIOV-ipv6-stress-2hours
Offering icx-d-test-iperf-SRIOV-ipv6-stress-2hours to Project Build Discarder
Processing icx-d-test-nic-driveinstalluninstall
Offering icx-d-test-nic-driveinstalluninstall to Project Build Discarder
Processing icx-d-test-nic-simple
Offering icx-d-test-nic-simple to Project Build Discarder
Processing icx-d-test-nic-sriov-5times
Offering icx-d-test-nic-sriov-5times to Project Build Discarder
Processing icx-d-test-nic-sriov-stress-2hours
Offering icx-d-test-nic-sriov-stress-2hours to Project Build Discarder
Processing iperf-4hours-tcp
Offering iperf-4hours-tcp to Project Build Discarder
Processing iperf-4hours-udp
Offering iperf-4hours-udp to Project Build Discarder
Processing jenkins-backup
Offering jenkins-backup to Project Build Discarder
Processing Jenkins-verification
Offering Jenkins-verification to Project Build Discarder
Processing nic_set_mtu
Offering nic_set_mtu to Project Build Discarder
Processing spr-test-nic-driveinstalluninstall
Offering spr-test-nic-driveinstalluninstall to Project Build Discarder
Processing spr-test-nicGold
Offering spr-test-nicGold to Project Build Discarder
Processing spr-test-nicIperfTcpGuestStress_ipv4
Offering spr-test-nicIperfTcpGuestStress_ipv4 to Project Build Discarder
Processing spr-test-nicIperfTcpGuestStress_ipv6
Offering spr-test-nicIperfTcpGuestStress_ipv6 to Project Build Discarder
Processing spr-test-nicIperfTcpStress
Offering spr-test-nicIperfTcpStress to Project Build Discarder
Processing spr-test-nicIperfUdpStress
Offering spr-test-nicIperfUdpStress to Project Build Discarder
Processing spr-test-nicSilver
Offering spr-test-nicSilver to Project Build Discarder
Processing spr-test-nicSriovStress
Offering spr-test-nicSriovStress to Project Build Discarder
Processing test-iperf-SRIOV-ipv4-stress-2hours
Offering test-iperf-SRIOV-ipv4-stress-2hours to Project Build Discarder
Processing test-iperf-SRIOV-ipv6-stress-2hours
Offering test-iperf-SRIOV-ipv6-stress-2hours to Project Build Discarder
Processing test-nic-simple-Test
Offering test-nic-simple-Test to Project Build Discarder
Processing test-nic-sriov-stress-2hours
Offering test-nic-sriov-stress-2hours to Project Build Discarder
Processing test-test-iperf-4hours-tcp
Offering test-test-iperf-4hours-tcp to Project Build Discarder
Processing test-test-iperf-4hours-udp
Offering test-test-iperf-4hours-udp to Project Build Discarder
Processing test-test-iperf-SRIOV-ipv4-stress-2hours
Offering test-test-iperf-SRIOV-ipv4-stress-2hours to Project Build Discarder
Processing test-test-iperf-SRIOV-ipv6-stress-2hours
Offering test-test-iperf-SRIOV-ipv6-stress-2hours to Project Build Discarder
Processing test-test-nic-driveinstalluninstall
Offering test-test-nic-driveinstalluninstall to Project Build Discarder
Processing test-test-nic-simple
Offering test-test-nic-simple to Project Build Discarder
Processing test-test-nic-sriov-5times
Offering test-test-nic-sriov-5times to Project Build Discarder
Processing test-test-nic-sriov-stress-2hours
Offering test-test-nic-sriov-stress-2hours to Project Build Discarder
Processing test_dpdk_ovs
Offering test_dpdk_ovs to Project Build Discarder
Processing test_SRIOV_stress
Offering test_SRIOV_stress to Project Build Discarder
Finished at Sat Apr 02 03:22:41 GMT 2022. 1ms
Started at Sat Apr 02 04:22:41 GMT 2022
Processing clone-git
Offering clone-git to Project Build Discarder
Processing clone_code
Offering clone_code to Project Build Discarder
Processing cyp-test-iperf-4hours-tcp
Offering cyp-test-iperf-4hours-tcp to Project Build Discarder
Processing cyp-test-iperf-4hours-udp
Offering cyp-test-iperf-4hours-udp to Project Build Discarder
Processing cyp-test-iperf-SRIOV-ipv4-stress-2hours
Offering cyp-test-iperf-SRIOV-ipv4-stress-2hours to Project Build Discarder
Processing cyp-test-iperf-SRIOV-ipv6-stress-2hours
Offering cyp-test-iperf-SRIOV-ipv6-stress-2hours to Project Build Discarder
Processing cyp-test-nic-driveinstalluninstall
Offering cyp-test-nic-driveinstalluninstall to Project Build Discarder
Processing cyp-test-nic-simple
Offering cyp-test-nic-simple to Project Build Discarder
Processing cyp-test-nic-sriov-5times
Offering cyp-test-nic-sriov-5times to Project Build Discarder
Processing cyp-test-nic-sriov-stress-2hours
Offering cyp-test-nic-sriov-stress-2hours to Project Build Discarder
Processing exec-job1
Offering exec-job1 to Project Build Discarder
Processing icx-d-test-iperf-4hours-tcp
Offering icx-d-test-iperf-4hours-tcp to Project Build Discarder
Processing icx-d-test-iperf-4hours-udp
Offering icx-d-test-iperf-4hours-udp to Project Build Discarder
Processing icx-d-test-iperf-SRIOV-ipv4-stress-2hours
Offering icx-d-test-iperf-SRIOV-ipv4-stress-2hours to Project Build Discarder
Processing icx-d-test-iperf-SRIOV-ipv6-stress-2hours
Offering icx-d-test-iperf-SRIOV-ipv6-stress-2hours to Project Build Discarder
Processing icx-d-test-nic-driveinstalluninstall
Offering icx-d-test-nic-driveinstalluninstall to Project Build Discarder
Processing icx-d-test-nic-simple
Offering icx-d-test-nic-simple to Project Build Discarder
Processing icx-d-test-nic-sriov-5times
Offering icx-d-test-nic-sriov-5times to Project Build Discarder
Processing icx-d-test-nic-sriov-stress-2hours
Offering icx-d-test-nic-sriov-stress-2hours to Project Build Discarder
Processing iperf-4hours-tcp
Offering iperf-4hours-tcp to Project Build Discarder
Processing iperf-4hours-udp
Offering iperf-4hours-udp to Project Build Discarder
Processing jenkins-backup
Offering jenkins-backup to Project Build Discarder
Processing Jenkins-verification
Offering Jenkins-verification to Project Build Discarder
Processing nic_set_mtu
Offering nic_set_mtu to Project Build Discarder
Processing spr-test-nic-driveinstalluninstall
Offering spr-test-nic-driveinstalluninstall to Project Build Discarder
Processing spr-test-nicGold
Offering spr-test-nicGold to Project Build Discarder
Processing spr-test-nicIperfTcpGuestStress_ipv4
Offering spr-test-nicIperfTcpGuestStress_ipv4 to Project Build Discarder
Processing spr-test-nicIperfTcpGuestStress_ipv6
Offering spr-test-nicIperfTcpGuestStress_ipv6 to Project Build Discarder
Processing spr-test-nicIperfTcpStress
Offering spr-test-nicIperfTcpStress to Project Build Discarder
Processing spr-test-nicIperfUdpStress
Offering spr-test-nicIperfUdpStress to Project Build Discarder
Processing spr-test-nicSilver
Offering spr-test-nicSilver to Project Build Discarder
Processing spr-test-nicSriovStress
Offering spr-test-nicSriovStress to Project Build Discarder
Processing test-iperf-SRIOV-ipv4-stress-2hours
Offering test-iperf-SRIOV-ipv4-stress-2hours to Project Build Discarder
Processing test-iperf-SRIOV-ipv6-stress-2hours
Offering test-iperf-SRIOV-ipv6-stress-2hours to Project Build Discarder
Processing test-nic-simple-Test
Offering test-nic-simple-Test to Project Build Discarder
Processing test-nic-sriov-stress-2hours
Offering test-nic-sriov-stress-2hours to Project Build Discarder
Processing test-test-iperf-4hours-tcp
Offering test-test-iperf-4hours-tcp to Project Build Discarder
Processing test-test-iperf-4hours-udp
Offering test-test-iperf-4hours-udp to Project Build Discarder
Processing test-test-iperf-SRIOV-ipv4-stress-2hours
Offering test-test-iperf-SRIOV-ipv4-stress-2hours to Project Build Discarder
Processing test-test-iperf-SRIOV-ipv6-stress-2hours
Offering test-test-iperf-SRIOV-ipv6-stress-2hours to Project Build Discarder
Processing test-test-nic-driveinstalluninstall
Offering test-test-nic-driveinstalluninstall to Project Build Discarder
Processing test-test-nic-simple
Offering test-test-nic-simple to Project Build Discarder
Processing test-test-nic-sriov-5times
Offering test-test-nic-sriov-5times to Project Build Discarder
Processing test-test-nic-sriov-stress-2hours
Offering test-test-nic-sriov-stress-2hours to Project Build Discarder
Processing test_dpdk_ovs
Offering test_dpdk_ovs to Project Build Discarder
Processing test_SRIOV_stress
Offering test_SRIOV_stress to Project Build Discarder
Finished at Sat Apr 02 04:22:41 GMT 2022. 1ms
Started at Sat Apr 02 05:22:41 GMT 2022
Processing clone-git
Offering clone-git to Project Build Discarder
Processing clone_code
Offering clone_code to Project Build Discarder
Processing cyp-test-iperf-4hours-tcp
Offering cyp-test-iperf-4hours-tcp to Project Build Discarder
Processing cyp-test-iperf-4hours-udp
Offering cyp-test-iperf-4hours-udp to Project Build Discarder
Processing cyp-test-iperf-SRIOV-ipv4-stress-2hours
Offering cyp-test-iperf-SRIOV-ipv4-stress-2hours to Project Build Discarder
Processing cyp-test-iperf-SRIOV-ipv6-stress-2hours
Offering cyp-test-iperf-SRIOV-ipv6-stress-2hours to Project Build Discarder
Processing cyp-test-nic-driveinstalluninstall
Offering cyp-test-nic-driveinstalluninstall to Project Build Discarder
Processing cyp-test-nic-simple
Offering cyp-test-nic-simple to Project Build Discarder
Processing cyp-test-nic-sriov-5times
Offering cyp-test-nic-sriov-5times to Project Build Discarder
Processing cyp-test-nic-sriov-stress-2hours
Offering cyp-test-nic-sriov-stress-2hours to Project Build Discarder
Processing exec-job1
Offering exec-job1 to Project Build Discarder
Processing icx-d-test-iperf-4hours-tcp
Offering icx-d-test-iperf-4hours-tcp to Project Build Discarder
Processing icx-d-test-iperf-4hours-udp
Offering icx-d-test-iperf-4hours-udp to Project Build Discarder
Processing icx-d-test-iperf-SRIOV-ipv4-stress-2hours
Offering icx-d-test-iperf-SRIOV-ipv4-stress-2hours to Project Build Discarder
Processing icx-d-test-iperf-SRIOV-ipv6-stress-2hours
Offering icx-d-test-iperf-SRIOV-ipv6-stress-2hours to Project Build Discarder
Processing icx-d-test-nic-driveinstalluninstall
Offering icx-d-test-nic-driveinstalluninstall to Project Build Discarder
Processing icx-d-test-nic-simple
Offering icx-d-test-nic-simple to Project Build Discarder
Processing icx-d-test-nic-sriov-5times
Offering icx-d-test-nic-sriov-5times to Project Build Discarder
Processing icx-d-test-nic-sriov-stress-2hours
Offering icx-d-test-nic-sriov-stress-2hours to Project Build Discarder
Processing iperf-4hours-tcp
Offering iperf-4hours-tcp to Project Build Discarder
Processing iperf-4hours-udp
Offering iperf-4hours-udp to Project Build Discarder
Processing jenkins-backup
Offering jenkins-backup to Project Build Discarder
Processing Jenkins-verification
Offering Jenkins-verification to Project Build Discarder
Processing nic_set_mtu
Offering nic_set_mtu to Project Build Discarder
Processing spr-test-nic-driveinstalluninstall
Offering spr-test-nic-driveinstalluninstall to Project Build Discarder
Processing spr-test-nicGold
Offering spr-test-nicGold to Project Build Discarder
Processing spr-test-nicIperfTcpGuestStress_ipv4
Offering spr-test-nicIperfTcpGuestStress_ipv4 to Project Build Discarder
Processing spr-test-nicIperfTcpGuestStress_ipv6
Offering spr-test-nicIperfTcpGuestStress_ipv6 to Project Build Discarder
Processing spr-test-nicIperfTcpStress
Offering spr-test-nicIperfTcpStress to Project Build Discarder
Processing spr-test-nicIperfUdpStress
Offering spr-test-nicIperfUdpStress to Project Build Discarder
Processing spr-test-nicSilver
Offering spr-test-nicSilver to Project Build Discarder
Processing spr-test-nicSriovStress
Offering spr-test-nicSriovStress to Project Build Discarder
Processing test-iperf-SRIOV-ipv4-stress-2hours
Offering test-iperf-SRIOV-ipv4-stress-2hours to Project Build Discarder
Processing test-iperf-SRIOV-ipv6-stress-2hours
Offering test-iperf-SRIOV-ipv6-stress-2hours to Project Build Discarder
Processing test-nic-simple-Test
Offering test-nic-simple-Test to Project Build Discarder
Processing test-nic-sriov-stress-2hours
Offering test-nic-sriov-stress-2hours to Project Build Discarder
Processing test-test-iperf-4hours-tcp
Offering test-test-iperf-4hours-tcp to Project Build Discarder
Processing test-test-iperf-4hours-udp
Offering test-test-iperf-4hours-udp to Project Build Discarder
Processing test-test-iperf-SRIOV-ipv4-stress-2hours
Offering test-test-iperf-SRIOV-ipv4-stress-2hours to Project Build Discarder
Processing test-test-iperf-SRIOV-ipv6-stress-2hours
Offering test-test-iperf-SRIOV-ipv6-stress-2hours to Project Build Discarder
Processing test-test-nic-driveinstalluninstall
Offering test-test-nic-driveinstalluninstall to Project Build Discarder
Processing test-test-nic-simple
Offering test-test-nic-simple to Project Build Discarder
Processing test-test-nic-sriov-5times
Offering test-test-nic-sriov-5times to Project Build Discarder
Processing test-test-nic-sriov-stress-2hours
Offering test-test-nic-sriov-stress-2hours to Project Build Discarder
Processing test_dpdk_ovs
Offering test_dpdk_ovs to Project Build Discarder
Processing test_SRIOV_stress
Offering test_SRIOV_stress to Project Build Discarder
Finished at Sat Apr 02 05:22:41 GMT 2022. 1ms
Started at Sat Apr 02 06:22:41 GMT 2022
Processing clone-git
Offering clone-git to Project Build Discarder
Processing clone_code
Offering clone_code to Project Build Discarder
Processing cyp-test-iperf-4hours-tcp
Offering cyp-test-iperf-4hours-tcp to Project Build Discarder
Processing cyp-test-iperf-4hours-udp
Offering cyp-test-iperf-4hours-udp to Project Build Discarder
Processing cyp-test-iperf-SRIOV-ipv4-stress-2hours
Offering cyp-test-iperf-SRIOV-ipv4-stress-2hours to Project Build Discarder
Processing cyp-test-iperf-SRIOV-ipv6-stress-2hours
Offering cyp-test-iperf-SRIOV-ipv6-stress-2hours to Project Build Discarder
Processing cyp-test-nic-driveinstalluninstall
Offering cyp-test-nic-driveinstalluninstall to Project Build Discarder
Processing cyp-test-nic-simple
Offering cyp-test-nic-simple to Project Build Discarder
Processing cyp-test-nic-sriov-5times
Offering cyp-test-nic-sriov-5times to Project Build Discarder
Processing cyp-test-nic-sriov-stress-2hours
Offering cyp-test-nic-sriov-stress-2hours to Project Build Discarder
Processing exec-job1
Offering exec-job1 to Project Build Discarder
Processing icx-d-test-iperf-4hours-tcp
Offering icx-d-test-iperf-4hours-tcp to Project Build Discarder
Processing icx-d-test-iperf-4hours-udp
Offering icx-d-test-iperf-4hours-udp to Project Build Discarder
Processing icx-d-test-iperf-SRIOV-ipv4-stress-2hours
Offering icx-d-test-iperf-SRIOV-ipv4-stress-2hours to Project Build Discarder
Processing icx-d-test-iperf-SRIOV-ipv6-stress-2hours
Offering icx-d-test-iperf-SRIOV-ipv6-stress-2hours to Project Build Discarder
Processing icx-d-test-nic-driveinstalluninstall
Offering icx-d-test-nic-driveinstalluninstall to Project Build Discarder
Processing icx-d-test-nic-simple
Offering icx-d-test-nic-simple to Project Build Discarder
Processing icx-d-test-nic-sriov-5times
Offering icx-d-test-nic-sriov-5times to Project Build Discarder
Processing icx-d-test-nic-sriov-stress-2hours
Offering icx-d-test-nic-sriov-stress-2hours to Project Build Discarder
Processing iperf-4hours-tcp
Offering iperf-4hours-tcp to Project Build Discarder
Processing iperf-4hours-udp
Offering iperf-4hours-udp to Project Build Discarder
Processing jenkins-backup
Offering jenkins-backup to Project Build Discarder
Processing Jenkins-verification
Offering Jenkins-verification to Project Build Discarder
Processing nic_set_mtu
Offering nic_set_mtu to Project Build Discarder
Processing spr-test-nic-driveinstalluninstall
Offering spr-test-nic-driveinstalluninstall to Project Build Discarder
Processing spr-test-nicGold
Offering spr-test-nicGold to Project Build Discarder
Processing spr-test-nicIperfTcpGuestStress_ipv4
Offering spr-test-nicIperfTcpGuestStress_ipv4 to Project Build Discarder
Processing spr-test-nicIperfTcpGuestStress_ipv6
Offering spr-test-nicIperfTcpGuestStress_ipv6 to Project Build Discarder
Processing spr-test-nicIperfTcpStress
Offering spr-test-nicIperfTcpStress to Project Build Discarder
Processing spr-test-nicIperfUdpStress
Offering spr-test-nicIperfUdpStress to Project Build Discarder
Processing spr-test-nicSilver
Offering spr-test-nicSilver to Project Build Discarder
Processing spr-test-nicSriovStress
Offering spr-test-nicSriovStress to Project Build Discarder
Processing test-iperf-SRIOV-ipv4-stress-2hours
Offering test-iperf-SRIOV-ipv4-stress-2hours to Project Build Discarder
Processing test-iperf-SRIOV-ipv6-stress-2hours
Offering test-iperf-SRIOV-ipv6-stress-2hours to Project Build Discarder
Processing test-nic-simple-Test
Offering test-nic-simple-Test to Project Build Discarder
Processing test-nic-sriov-stress-2hours
Offering test-nic-sriov-stress-2hours to Project Build Discarder
Processing test-test-iperf-4hours-tcp
Offering test-test-iperf-4hours-tcp to Project Build Discarder
Processing test-test-iperf-4hours-udp
Offering test-test-iperf-4hours-udp to Project Build Discarder
Processing test-test-iperf-SRIOV-ipv4-stress-2hours
Offering test-test-iperf-SRIOV-ipv4-stress-2hours to Project Build Discarder
Processing test-test-iperf-SRIOV-ipv6-stress-2hours
Offering test-test-iperf-SRIOV-ipv6-stress-2hours to Project Build Discarder
Processing test-test-nic-driveinstalluninstall
Offering test-test-nic-driveinstalluninstall to Project Build Discarder
Processing test-test-nic-simple
Offering test-test-nic-simple to Project Build Discarder
Processing test-test-nic-sriov-5times
Offering test-test-nic-sriov-5times to Project Build Discarder
Processing test-test-nic-sriov-stress-2hours
Offering test-test-nic-sriov-stress-2hours to Project Build Discarder
Processing test_dpdk_ovs
Offering test_dpdk_ovs to Project Build Discarder
Processing test_SRIOV_stress
Offering test_SRIOV_stress to Project Build Discarder
Finished at Sat Apr 02 06:22:41 GMT 2022. 0ms
Started at Sat Apr 02 07:22:41 GMT 2022
Processing clone-git
Offering clone-git to Project Build Discarder
Processing clone_code
Offering clone_code to Project Build Discarder
Processing cyp-test-iperf-4hours-tcp
Offering cyp-test-iperf-4hours-tcp to Project Build Discarder
Processing cyp-test-iperf-4hours-udp
Offering cyp-test-iperf-4hours-udp to Project Build Discarder
Processing cyp-test-iperf-SRIOV-ipv4-stress-2hours
Offering cyp-test-iperf-SRIOV-ipv4-stress-2hours to Project Build Discarder
Processing cyp-test-iperf-SRIOV-ipv6-stress-2hours
Offering cyp-test-iperf-SRIOV-ipv6-stress-2hours to Project Build Discarder
Processing cyp-test-nic-driveinstalluninstall
Offering cyp-test-nic-driveinstalluninstall to Project Build Discarder
Processing cyp-test-nic-simple
Offering cyp-test-nic-simple to Project Build Discarder
Processing cyp-test-nic-sriov-5times
Offering cyp-test-nic-sriov-5times to Project Build Discarder
Processing cyp-test-nic-sriov-stress-2hours
Offering cyp-test-nic-sriov-stress-2hours to Project Build Discarder
Processing exec-job1
Offering exec-job1 to Project Build Discarder
Processing icx-d-test-iperf-4hours-tcp
Offering icx-d-test-iperf-4hours-tcp to Project Build Discarder
Processing icx-d-test-iperf-4hours-udp
Offering icx-d-test-iperf-4hours-udp to Project Build Discarder
Processing icx-d-test-iperf-SRIOV-ipv4-stress-2hours
Offering icx-d-test-iperf-SRIOV-ipv4-stress-2hours to Project Build Discarder
Processing icx-d-test-iperf-SRIOV-ipv6-stress-2hours
Offering icx-d-test-iperf-SRIOV-ipv6-stress-2hours to Project Build Discarder
Processing icx-d-test-nic-driveinstalluninstall
Offering icx-d-test-nic-driveinstalluninstall to Project Build Discarder
Processing icx-d-test-nic-simple
Offering icx-d-test-nic-simple to Project Build Discarder
Processing icx-d-test-nic-sriov-5times
Offering icx-d-test-nic-sriov-5times to Project Build Discarder
Processing icx-d-test-nic-sriov-stress-2hours
Offering icx-d-test-nic-sriov-stress-2hours to Project Build Discarder
Processing iperf-4hours-tcp
Offering iperf-4hours-tcp to Project Build Discarder
Processing iperf-4hours-udp
Offering iperf-4hours-udp to Project Build Discarder
Processing jenkins-backup
Offering jenkins-backup to Project Build Discarder
Processing Jenkins-verification
Offering Jenkins-verification to Project Build Discarder
Processing nic_set_mtu
Offering nic_set_mtu to Project Build Discarder
Processing spr-test-nic-driveinstalluninstall
Offering spr-test-nic-driveinstalluninstall to Project Build Discarder
Processing spr-test-nicGold
Offering spr-test-nicGold to Project Build Discarder
Processing spr-test-nicIperfTcpGuestStress_ipv4
Offering spr-test-nicIperfTcpGuestStress_ipv4 to Project Build Discarder
Processing spr-test-nicIperfTcpGuestStress_ipv6
Offering spr-test-nicIperfTcpGuestStress_ipv6 to Project Build Discarder
Processing spr-test-nicIperfTcpStress
Offering spr-test-nicIperfTcpStress to Project Build Discarder
Processing spr-test-nicIperfUdpStress
Offering spr-test-nicIperfUdpStress to Project Build Discarder
Processing spr-test-nicSilver
Offering spr-test-nicSilver to Project Build Discarder
Processing spr-test-nicSriovStress
Offering spr-test-nicSriovStress to Project Build Discarder
Processing test-iperf-SRIOV-ipv4-stress-2hours
Offering test-iperf-SRIOV-ipv4-stress-2hours to Project Build Discarder
Processing test-iperf-SRIOV-ipv6-stress-2hours
Offering test-iperf-SRIOV-ipv6-stress-2hours to Project Build Discarder
Processing test-nic-simple-Test
Offering test-nic-simple-Test to Project Build Discarder
Processing test-nic-sriov-stress-2hours
Offering test-nic-sriov-stress-2hours to Project Build Discarder
Processing test-test-iperf-4hours-tcp
Offering test-test-iperf-4hours-tcp to Project Build Discarder
Processing test-test-iperf-4hours-udp
Offering test-test-iperf-4hours-udp to Project Build Discarder
Processing test-test-iperf-SRIOV-ipv4-stress-2hours
Offering test-test-iperf-SRIOV-ipv4-stress-2hours to Project Build Discarder
Processing test-test-iperf-SRIOV-ipv6-stress-2hours
Offering test-test-iperf-SRIOV-ipv6-stress-2hours to Project Build Discarder
Processing test-test-nic-driveinstalluninstall
Offering test-test-nic-driveinstalluninstall to Project Build Discarder
Processing test-test-nic-simple
Offering test-test-nic-simple to Project Build Discarder
Processing test-test-nic-sriov-5times
Offering test-test-nic-sriov-5times to Project Build Discarder
Processing test-test-nic-sriov-stress-2hours
Offering test-test-nic-sriov-stress-2hours to Project Build Discarder
Processing test_dpdk_ovs
Offering test_dpdk_ovs to Project Build Discarder
Processing test_SRIOV_stress
Offering test_SRIOV_stress to Project Build Discarder
Finished at Sat Apr 02 07:22:41 GMT 2022. 0ms
